#
# There is insufficient memory for the Java Runtime Environment to continue.
# Native memory allocation (mmap) failed to map 67108864 bytes for G1 virtual space
# Possible reasons:
#   The system is out of physical RAM or swap space
#   The process is running with CompressedOops enabled, and the Java Heap may be blocking the growth of the native heap
# Possible solutions:
#   Reduce memory load on the system
#   Increase physical memory or swap space
#   Check if swap backing store is full
#   Decrease Java heap size (-Xmx/-Xms)
#   Decrease number of Java threads
#   Decrease Java thread stack sizes (-Xss)
#   Set larger code cache with -XX:ReservedCodeCacheSize=
#   JVM is running with Zero Based Compressed Oops mode in which the Java heap is
#     placed in the first 32GB address space. The Java Heap base address is the
#     maximum limit for the native heap growth. Please use -XX:HeapBaseMinAddress
#     to set the Java Heap base and to place the Java Heap above 32GB virtual address.
# This output file may be truncated or incomplete.
#
#  Out of Memory Error (os_windows.cpp:3550), pid=15580, tid=18196
#
# JRE version: Java(TM) SE Runtime Environment (17.0.8+9) (build 17.0.8+9-LTS-211)
# Java VM: Java HotSpot(TM) 64-Bit Server VM (17.0.8+9-LTS-211, mixed mode, sharing, tiered, compressed oops, compressed class ptrs, g1 gc, windows-amd64)
# No core dump will be written. Minidumps are not enabled by default on client versions of Windows
#

---------------  S U M M A R Y ------------

Command Line: C:\Users\DHIA\AppData\Local\Temp\surefire16581757085414558\surefirebooter-20241108154709361_3.jar C:\Users\DHIA\AppData\Local\Temp\surefire16581757085414558 2024-11-08T15-47-08_945-jvmRun1 surefire-20241108154709361_1tmp surefire_0-20241108154709361_2tmp

Host: Intel(R) Core(TM) i3-7020U CPU @ 2.30GHz, 4 cores, 11G,  Windows 10 , 64 bit Build 19041 (10.0.19041.5072)
Time: Fri Nov  8 15:47:29 2024 Afr. centrale Ouest elapsed time: 19.421330 seconds (0d 0h 0m 19s)

---------------  T H R E A D  ---------------

Current thread (0x000001c3a4886740):  VMThread "VM Thread" [stack: 0x000000ba43d00000,0x000000ba43e00000] [id=18196]

Stack: [0x000000ba43d00000,0x000000ba43e00000]
Native frames: (J=compiled Java code, j=interpreted, Vv=VM code, C=native code)
V  [jvm.dll+0x677d0a]
V  [jvm.dll+0x7d8c54]
V  [jvm.dll+0x7da3fe]
V  [jvm.dll+0x7daa63]
V  [jvm.dll+0x245c5f]
V  [jvm.dll+0x674bb9]
V  [jvm.dll+0x6694f2]
V  [jvm.dll+0x3031d6]
V  [jvm.dll+0x30a756]
V  [jvm.dll+0x359f9e]
V  [jvm.dll+0x35a1cf]
V  [jvm.dll+0x2da3e8]
V  [jvm.dll+0x2d87f5]
V  [jvm.dll+0x2d7dfc]
V  [jvm.dll+0x31b4cb]
V  [jvm.dll+0x7df26b]
V  [jvm.dll+0x7dffa4]
V  [jvm.dll+0x7e04bd]
V  [jvm.dll+0x7e0894]
V  [jvm.dll+0x7e0960]
V  [jvm.dll+0x788bba]
V  [jvm.dll+0x676b35]
C  [ucrtbase.dll+0x21bb2]
C  [KERNEL32.DLL+0x17374]
C  [ntdll.dll+0x4cc91]

VM_Operation (0x000000ba458fe360): G1CollectForAllocation, mode: safepoint, requested by thread 0x000001c3ecf60cd0


---------------  P R O C E S S  ---------------

Threads class SMR info:
_java_thread_list=0x000001c3ed901cf0, length=25, elements={
0x000001c3849c7260, 0x000001c3a488b340, 0x000001c3a488c1b0, 0x000001c3a48a25e0,
0x000001c3a48a3190, 0x000001c3a48a5b50, 0x000001c3a48a6500, 0x000001c3a48a7290,
0x000001c3a48a7d30, 0x000001c3a48b2740, 0x000001c3a4b1ad00, 0x000001c3a4b3f090,
0x000001c3ea1e4b20, 0x000001c3ea2019f0, 0x000001c3ecf63820, 0x000001c3ecf61b40,
0x000001c3edb3b570, 0x000001c3ecf63350, 0x000001c3ecf61670, 0x000001c3ecf60800,
0x000001c3ecf62010, 0x000001c3ecf60cd0, 0x000001c3ecf611a0, 0x000001c3ecf629b0,
0x000001c3ecf62e80
}

Java Threads: ( => current thread )
  0x000001c3849c7260 JavaThread "main" [_thread_blocked, id=16940, stack(0x000000ba43700000,0x000000ba43800000)]
  0x000001c3a488b340 JavaThread "Reference Handler" daemon [_thread_blocked, id=3480, stack(0x000000ba43e00000,0x000000ba43f00000)]
  0x000001c3a488c1b0 JavaThread "Finalizer" daemon [_thread_blocked, id=13672, stack(0x000000ba43f00000,0x000000ba44000000)]
  0x000001c3a48a25e0 JavaThread "Signal Dispatcher" daemon [_thread_blocked, id=10528, stack(0x000000ba44000000,0x000000ba44100000)]
  0x000001c3a48a3190 JavaThread "Attach Listener" daemon [_thread_blocked, id=12148, stack(0x000000ba44100000,0x000000ba44200000)]
  0x000001c3a48a5b50 JavaThread "Service Thread" daemon [_thread_blocked, id=14700, stack(0x000000ba44200000,0x000000ba44300000)]
  0x000001c3a48a6500 JavaThread "Monitor Deflation Thread" daemon [_thread_blocked, id=7260, stack(0x000000ba44300000,0x000000ba44400000)]
  0x000001c3a48a7290 JavaThread "C2 CompilerThread0" daemon [_thread_blocked, id=15676, stack(0x000000ba44400000,0x000000ba44500000)]
  0x000001c3a48a7d30 JavaThread "C1 CompilerThread0" daemon [_thread_blocked, id=2784, stack(0x000000ba44500000,0x000000ba44600000)]
  0x000001c3a48b2740 JavaThread "Sweeper thread" daemon [_thread_blocked, id=8940, stack(0x000000ba44600000,0x000000ba44700000)]
  0x000001c3a4b1ad00 JavaThread "Notification Thread" daemon [_thread_blocked, id=18088, stack(0x000000ba44700000,0x000000ba44800000)]
  0x000001c3a4b3f090 JavaThread "Common-Cleaner" daemon [_thread_blocked, id=12492, stack(0x000000ba44900000,0x000000ba44a00000)]
  0x000001c3ea1e4b20 JavaThread "surefire-forkedjvm-stream-flusher" daemon [_thread_blocked, id=1084, stack(0x000000ba44a00000,0x000000ba44b00000)]
  0x000001c3ea2019f0 JavaThread "surefire-forkedjvm-command-thread" daemon [_thread_in_native, id=17148, stack(0x000000ba44b00000,0x000000ba44c00000)]
  0x000001c3ecf63820 JavaThread "PostgreSQL-JDBC-Cleaner" daemon [_thread_blocked, id=7364, stack(0x000000ba45200000,0x000000ba45300000)]
  0x000001c3ecf61b40 JavaThread "HikariPool-1 housekeeper" daemon [_thread_blocked, id=6768, stack(0x000000ba45300000,0x000000ba45400000)]
  0x000001c3edb3b570 JavaThread "C2 CompilerThread1" daemon [_thread_blocked, id=16284, stack(0x000000ba44f00000,0x000000ba45000000)]
  0x000001c3ecf63350 JavaThread "ClassGraph-worker-32" daemon [_thread_blocked, id=1304, stack(0x000000ba45400000,0x000000ba45500000)]
  0x000001c3ecf61670 JavaThread "ClassGraph-worker-33" daemon [_thread_blocked, id=3372, stack(0x000000ba45500000,0x000000ba45600000)]
  0x000001c3ecf60800 JavaThread "ClassGraph-worker-34" daemon [_thread_blocked, id=2932, stack(0x000000ba45600000,0x000000ba45700000)]
  0x000001c3ecf62010 JavaThread "ClassGraph-worker-35" daemon [_thread_blocked, id=17432, stack(0x000000ba45700000,0x000000ba45800000)]
  0x000001c3ecf60cd0 JavaThread "ClassGraph-worker-36" daemon [_thread_blocked, id=16964, stack(0x000000ba45800000,0x000000ba45900000)]
  0x000001c3ecf611a0 JavaThread "ClassGraph-worker-37" daemon [_thread_blocked, id=11164, stack(0x000000ba45900000,0x000000ba45a00000)]
  0x000001c3ecf629b0 JavaThread "ClassGraph-worker-38" daemon [_thread_blocked, id=3304, stack(0x000000ba45a00000,0x000000ba45b00000)]
  0x000001c3ecf62e80 JavaThread "ClassGraph-worker-39" daemon [_thread_blocked, id=12904, stack(0x000000ba45b00000,0x000000ba45c00000)]

Other Threads:
=>0x000001c3a4886740 VMThread "VM Thread" [stack: 0x000000ba43d00000,0x000000ba43e00000] [id=18196]
  0x000001c3a4b3e840 WatcherThread [stack: 0x000000ba44800000,0x000000ba44900000] [id=2620]
  0x000001c384a1f120 GCTaskThread "GC Thread#0" [stack: 0x000000ba43800000,0x000000ba43900000] [id=15788]
  0x000001c3ea1a42f0 GCTaskThread "GC Thread#1" [stack: 0x000000ba44c00000,0x000000ba44d00000] [id=15128]
  0x000001c3ea146c90 GCTaskThread "GC Thread#2" [stack: 0x000000ba44d00000,0x000000ba44e00000] [id=2900]
  0x000001c3ea146f40 GCTaskThread "GC Thread#3" [stack: 0x000000ba44e00000,0x000000ba44f00000] [id=13016]
  0x000001c384a2bf20 ConcurrentGCThread "G1 Main Marker" [stack: 0x000000ba43900000,0x000000ba43a00000] [id=3476]
  0x000001c384a2d0d0 ConcurrentGCThread "G1 Conc#0" [stack: 0x000000ba43a00000,0x000000ba43b00000] [id=17056]
  0x000001c384a90c00 ConcurrentGCThread "G1 Refine#0" [stack: 0x000000ba43b00000,0x000000ba43c00000] [id=12876]
  0x000001c3ea9f2bc0 ConcurrentGCThread "G1 Refine#1" [stack: 0x000000ba45000000,0x000000ba45100000] [id=13960]
  0x000001c384a91620 ConcurrentGCThread "G1 Service" [stack: 0x000000ba43c00000,0x000000ba43d00000] [id=9096]

Threads with active compile tasks:
C2 CompilerThread0    19480 6803 %     4       io.github.classgraph.ClasspathElementZip::scanPaths @ 517 (879 bytes)
C2 CompilerThread1    19480 6851       4       java.io.WinNTFileSystem::normalize (224 bytes)

VM state: at safepoint (normal execution)

VM Mutex/Monitor currently owned by a thread:  ([mutex/lock_event])
[0x000001c3849c1720] Threads_lock - owner thread: 0x000001c3a4886740
[0x000001c3849c1180] Heap_lock - owner thread: 0x000001c3ecf60cd0

Heap address: 0x0000000741400000, size: 3052 MB, Compressed Oops mode: Zero based, Oop shift amount: 3

CDS archive(s) mapped at: [0x000001c3a5000000-0x000001c3a5bd0000-0x000001c3a5bd0000), size 12386304, SharedBaseAddress: 0x000001c3a5000000, ArchiveRelocationMode: 1.
Compressed class space mapped at: 0x000001c3a6000000-0x000001c3e6000000, reserved size: 1073741824
Narrow klass base: 0x000001c3a5000000, Narrow klass shift: 0, Narrow klass range: 0x100000000

GC Precious Log:
 CPUs: 4 total, 4 available
 Memory: 12203M
 Large Page Support: Disabled
 NUMA Support: Disabled
 Compressed Oops: Enabled (Zero based)
 Heap Region Size: 2M
 Heap Min Capacity: 8M
 Heap Initial Capacity: 192M
 Heap Max Capacity: 3052M
 Pre-touch: Disabled
 Parallel Workers: 4
 Concurrent Workers: 1
 Concurrent Refinement Workers: 4
 Periodic GC: Disabled

Heap:
 garbage-first heap   total 131072K, used 56559K [0x0000000741400000, 0x0000000800000000)
  region size 2048K, 2 young (4096K), 2 survivors (4096K)
 Metaspace       used 65588K, committed 66112K, reserved 1114112K
  class space    used 8970K, committed 9216K, reserved 1048576K

Heap Regions: E=young(eden), S=young(survivor), O=old, HS=humongous(starts), HC=humongous(continues), CS=collection set, F=free, OA=open archive, CA=closed archive, TAMS=top-at-mark-start (previous, next)
|   0|0x0000000741400000, 0x0000000741600000, 0x0000000741600000|100%| O|  |TAMS 0x0000000741600000, 0x0000000741600000| Untracked 
|   1|0x0000000741600000, 0x0000000741800000, 0x0000000741800000|100%| O|  |TAMS 0x0000000741800000, 0x0000000741800000| Untracked 
|   2|0x0000000741800000, 0x0000000741a00000, 0x0000000741a00000|100%| O|  |TAMS 0x0000000741a00000, 0x0000000741a00000| Untracked 
|   3|0x0000000741a00000, 0x0000000741b4ec00, 0x0000000741c00000| 65%| O|  |TAMS 0x0000000741b4ec00, 0x0000000741b4ec00| Untracked 
|   4|0x0000000741c00000, 0x0000000741e00000, 0x0000000741e00000|100%| O|  |TAMS 0x0000000741e00000, 0x0000000741e00000| Untracked 
|   5|0x0000000741e00000, 0x0000000742000000, 0x0000000742000000|100%| O|  |TAMS 0x0000000742000000, 0x0000000742000000| Untracked 
|   6|0x0000000742000000, 0x0000000742200000, 0x0000000742200000|100%| O|  |TAMS 0x0000000742200000, 0x0000000742200000| Untracked 
|   7|0x0000000742200000, 0x0000000742400000, 0x0000000742400000|100%| O|  |TAMS 0x0000000742400000, 0x0000000742400000| Untracked 
|   8|0x0000000742400000, 0x0000000742600000, 0x0000000742600000|100%| O|  |TAMS 0x0000000742600000, 0x0000000742600000| Untracked 
|   9|0x0000000742600000, 0x0000000742800000, 0x0000000742800000|100%| O|  |TAMS 0x0000000742800000, 0x0000000742800000| Untracked 
|  10|0x0000000742800000, 0x0000000742a00000, 0x0000000742a00000|100%| O|  |TAMS 0x0000000742a00000, 0x0000000742a00000| Untracked 
|  11|0x0000000742a00000, 0x0000000742c00000, 0x0000000742c00000|100%| O|  |TAMS 0x0000000742c00000, 0x0000000742c00000| Untracked 
|  12|0x0000000742c00000, 0x0000000742e00000, 0x0000000742e00000|100%| O|  |TAMS 0x0000000742e00000, 0x0000000742e00000| Untracked 
|  13|0x0000000742e00000, 0x0000000743000000, 0x0000000743000000|100%| O|  |TAMS 0x0000000743000000, 0x0000000743000000| Untracked 
|  14|0x0000000743000000, 0x0000000743200000, 0x0000000743200000|100%| O|  |TAMS 0x0000000743200000, 0x0000000743200000| Untracked 
|  15|0x0000000743200000, 0x0000000743400000, 0x0000000743400000|100%| O|  |TAMS 0x0000000743400000, 0x0000000743400000| Untracked 
|  16|0x0000000743400000, 0x0000000743600000, 0x0000000743600000|100%| O|  |TAMS 0x0000000743600000, 0x0000000743600000| Untracked 
|  17|0x0000000743600000, 0x0000000743800000, 0x0000000743800000|100%| O|  |TAMS 0x0000000743800000, 0x0000000743800000| Untracked 
|  18|0x0000000743800000, 0x0000000743a00000, 0x0000000743a00000|100%| O|  |TAMS 0x0000000743800000, 0x0000000743a00000| Untracked 
|  19|0x0000000743a00000, 0x0000000743c00000, 0x0000000743c00000|100%| O|  |TAMS 0x0000000743a00000, 0x0000000743a00000| Untracked 
|  20|0x0000000743c00000, 0x0000000743e00000, 0x0000000743e00000|100%| O|  |TAMS 0x0000000743d0f800, 0x0000000743e00000| Untracked 
|  21|0x0000000743e00000, 0x0000000744000000, 0x0000000744000000|100%| O|  |TAMS 0x0000000743e00000, 0x0000000744000000| Untracked 
|  22|0x0000000744000000, 0x0000000744200000, 0x0000000744200000|100%| O|  |TAMS 0x0000000744000000, 0x0000000744200000| Untracked 
|  23|0x0000000744200000, 0x0000000744400000, 0x0000000744400000|100%| O|  |TAMS 0x0000000744200000, 0x0000000744400000| Untracked 
|  24|0x0000000744400000, 0x0000000744600000, 0x0000000744600000|100%| O|  |TAMS 0x0000000744400000, 0x00000007445aa400| Untracked 
|  25|0x0000000744600000, 0x00000007447ed000, 0x0000000744800000| 96%| O|  |TAMS 0x0000000744600000, 0x0000000744600000| Untracked 
|  26|0x0000000744800000, 0x0000000744800000, 0x0000000744a00000|  0%| F|  |TAMS 0x0000000744800000, 0x0000000744800000| Untracked 
|  27|0x0000000744a00000, 0x0000000744a00000, 0x0000000744c00000|  0%| F|  |TAMS 0x0000000744a00000, 0x0000000744a00000| Untracked 
|  28|0x0000000744c00000, 0x0000000744c00000, 0x0000000744e00000|  0%| F|  |TAMS 0x0000000744c00000, 0x0000000744c00000| Untracked 
|  29|0x0000000744e00000, 0x0000000744e00000, 0x0000000745000000|  0%| F|  |TAMS 0x0000000744e00000, 0x0000000744e00000| Untracked 
|  30|0x0000000745000000, 0x0000000745000000, 0x0000000745200000|  0%| F|  |TAMS 0x0000000745000000, 0x0000000745000000| Untracked 
|  31|0x0000000745200000, 0x0000000745200000, 0x0000000745400000|  0%| F|  |TAMS 0x0000000745200000, 0x0000000745200000| Untracked 
|  32|0x0000000745400000, 0x0000000745400000, 0x0000000745600000|  0%| F|  |TAMS 0x0000000745400000, 0x0000000745400000| Untracked 
|  33|0x0000000745600000, 0x0000000745600000, 0x0000000745800000|  0%| F|  |TAMS 0x0000000745600000, 0x0000000745600000| Untracked 
|  34|0x0000000745800000, 0x0000000745a00000, 0x0000000745a00000|100%| S|CS|TAMS 0x0000000745800000, 0x0000000745800000| Complete 
|  35|0x0000000745a00000, 0x0000000745c00000, 0x0000000745c00000|100%| S|CS|TAMS 0x0000000745a00000, 0x0000000745a00000| Complete 
|  36|0x0000000745c00000, 0x0000000745c00000, 0x0000000745e00000|  0%| F|  |TAMS 0x0000000745c00000, 0x0000000745c00000| Untracked 
|  37|0x0000000745e00000, 0x0000000745e00000, 0x0000000746000000|  0%| F|  |TAMS 0x0000000745e00000, 0x0000000745e00000| Untracked 
|  38|0x0000000746000000, 0x0000000746000000, 0x0000000746200000|  0%| F|  |TAMS 0x0000000746000000, 0x0000000746000000| Untracked 
|  39|0x0000000746200000, 0x0000000746200000, 0x0000000746400000|  0%| F|  |TAMS 0x0000000746200000, 0x0000000746200000| Untracked 
|  40|0x0000000746400000, 0x0000000746400000, 0x0000000746600000|  0%| F|  |TAMS 0x0000000746400000, 0x0000000746400000| Untracked 
|  41|0x0000000746600000, 0x0000000746600000, 0x0000000746800000|  0%| F|  |TAMS 0x0000000746600000, 0x0000000746600000| Untracked 
|  42|0x0000000746800000, 0x0000000746800000, 0x0000000746a00000|  0%| F|  |TAMS 0x0000000746800000, 0x0000000746800000| Untracked 
|  43|0x0000000746a00000, 0x0000000746a00000, 0x0000000746c00000|  0%| F|  |TAMS 0x0000000746a00000, 0x0000000746a00000| Untracked 
|  44|0x0000000746c00000, 0x0000000746c00000, 0x0000000746e00000|  0%| F|  |TAMS 0x0000000746c00000, 0x0000000746c00000| Untracked 
|  45|0x0000000746e00000, 0x0000000746e00000, 0x0000000747000000|  0%| F|  |TAMS 0x0000000746e00000, 0x0000000746e00000| Untracked 
|  46|0x0000000747000000, 0x0000000747000000, 0x0000000747200000|  0%| F|  |TAMS 0x0000000747000000, 0x0000000747000000| Untracked 
|  47|0x0000000747200000, 0x0000000747200000, 0x0000000747400000|  0%| F|  |TAMS 0x0000000747200000, 0x0000000747200000| Untracked 
|  48|0x0000000747400000, 0x0000000747400000, 0x0000000747600000|  0%| F|  |TAMS 0x0000000747400000, 0x0000000747400000| Untracked 
|  49|0x0000000747600000, 0x0000000747600000, 0x0000000747800000|  0%| F|  |TAMS 0x0000000747600000, 0x0000000747600000| Untracked 
|  50|0x0000000747800000, 0x0000000747800000, 0x0000000747a00000|  0%| F|  |TAMS 0x0000000747800000, 0x0000000747800000| Untracked 
|  51|0x0000000747a00000, 0x0000000747a00000, 0x0000000747c00000|  0%| F|  |TAMS 0x0000000747a00000, 0x0000000747a00000| Untracked 
|  52|0x0000000747c00000, 0x0000000747c00000, 0x0000000747e00000|  0%| F|  |TAMS 0x0000000747c00000, 0x0000000747c00000| Untracked 
|  53|0x0000000747e00000, 0x0000000747e00000, 0x0000000748000000|  0%| F|  |TAMS 0x0000000747e00000, 0x0000000747e00000| Untracked 
|  54|0x0000000748000000, 0x0000000748000000, 0x0000000748200000|  0%| F|  |TAMS 0x0000000748000000, 0x0000000748000000| Untracked 
|  55|0x0000000748200000, 0x0000000748200000, 0x0000000748400000|  0%| F|  |TAMS 0x0000000748200000, 0x0000000748200000| Untracked 
|  56|0x0000000748400000, 0x0000000748400000, 0x0000000748600000|  0%| F|  |TAMS 0x0000000748400000, 0x0000000748400000| Untracked 
|  57|0x0000000748600000, 0x0000000748600000, 0x0000000748800000|  0%| F|  |TAMS 0x0000000748600000, 0x0000000748600000| Untracked 
|  58|0x0000000748800000, 0x0000000748800000, 0x0000000748a00000|  0%| F|  |TAMS 0x0000000748800000, 0x0000000748800000| Untracked 
|  59|0x0000000748a00000, 0x0000000748a00000, 0x0000000748c00000|  0%| F|  |TAMS 0x0000000748a00000, 0x0000000748a00000| Untracked 
|  60|0x0000000748c00000, 0x0000000748c00000, 0x0000000748e00000|  0%| F|  |TAMS 0x0000000748c00000, 0x0000000748c00000| Untracked 
|  61|0x0000000748e00000, 0x0000000748e00000, 0x0000000749000000|  0%| F|  |TAMS 0x0000000748e00000, 0x0000000748e00000| Untracked 
|  62|0x0000000749000000, 0x0000000749000000, 0x0000000749200000|  0%| F|  |TAMS 0x0000000749000000, 0x0000000749000000| Untracked 
|  95|0x000000074d200000, 0x000000074d200000, 0x000000074d400000|  0%| F|  |TAMS 0x000000074d200000, 0x000000074d200000| Untracked 

Card table byte_map: [0x000001c39b870000,0x000001c39be70000] _byte_map_base: 0x000001c397e66000

Marking Bits (Prev, Next): (CMBitMap*) 0x000001c384a1f770, (CMBitMap*) 0x000001c384a1f730
 Prev Bits: [0x000001c39f420000, 0x000001c3a23d0000)
 Next Bits: [0x000001c39c470000, 0x000001c39f420000)

Polling page: 0x000001c382770000

Metaspace:

Usage:
  Non-class:     55.29 MB used.
      Class:      8.76 MB used.
       Both:     64.05 MB used.

Virtual space:
  Non-class space:       64.00 MB reserved,      55.56 MB ( 87%) committed,  1 nodes.
      Class space:        1.00 GB reserved,       9.00 MB ( <1%) committed,  1 nodes.
             Both:        1.06 GB reserved,      64.56 MB (  6%) committed. 

Chunk freelists:
   Non-Class:  8.19 MB
       Class:  6.98 MB
        Both:  15.17 MB

MaxMetaspaceSize: unlimited
CompressedClassSpaceSize: 1.00 GB
Initial GC threshold: 21.00 MB
Current GC threshold: 107.44 MB
CDS: on
MetaspaceReclaimPolicy: balanced
 - commit_granule_bytes: 65536.
 - commit_granule_words: 8192.
 - virtual_space_node_default_size: 8388608.
 - enlarge_chunks_in_place: 1.
 - new_chunks_are_fully_committed: 0.
 - uncommit_free_chunks: 1.
 - use_allocation_guard: 0.
 - handle_deallocations: 1.


Internal statistics:

num_allocs_failed_limit: 12.
num_arena_births: 720.
num_arena_deaths: 0.
num_vsnodes_births: 2.
num_vsnodes_deaths: 0.
num_space_committed: 1033.
num_space_uncommitted: 0.
num_chunks_returned_to_freelist: 12.
num_chunks_taken_from_freelist: 3180.
num_chunk_merges: 9.
num_chunk_splits: 2276.
num_chunks_enlarged: 1765.
num_purges: 0.
num_inconsistent_stats: 0.

CodeHeap 'non-profiled nmethods': size=120000Kb used=3798Kb max_used=3798Kb free=116201Kb
 bounds [0x000001c393d40000, 0x000001c394100000, 0x000001c39b270000]
CodeHeap 'profiled nmethods': size=120000Kb used=13170Kb max_used=13170Kb free=106829Kb
 bounds [0x000001c38c270000, 0x000001c38cf50000, 0x000001c3937a0000]
CodeHeap 'non-nmethods': size=5760Kb used=1358Kb max_used=1466Kb free=4402Kb
 bounds [0x000001c3937a0000, 0x000001c393a10000, 0x000001c393d40000]
 total_blobs=6854 nmethods=6199 adapters=564
 compilation: enabled
              stopped_count=0, restarted_count=0
 full_count=0

Compilation events (20 events):
Event: 19.349 Thread 0x000001c3a48a7d30 6863       3       java.lang.ThreadLocal$ThreadLocalMap::cleanSomeSlots (61 bytes)
Event: 19.350 Thread 0x000001c3a48a7d30 nmethod 6863 0x000001c38cf34d10 code [0x000001c38cf34ee0, 0x000001c38cf35418]
Event: 19.352 Thread 0x000001c3a48a7d30 6864   !   3       sun.nio.fs.WindowsNativeDispatcher::GetFullPathName (26 bytes)
Event: 19.352 Thread 0x000001c3a48a7d30 nmethod 6864 0x000001c38cf35690 code [0x000001c38cf35860, 0x000001c38cf35b38]
Event: 19.354 Thread 0x000001c3a48a7d30 6866       3       nonapi.io.github.classgraph.fileslice.FileSlice::<init> (10 bytes)
Event: 19.354 Thread 0x000001c3a48a7d30 nmethod 6866 0x000001c38cf35d10 code [0x000001c38cf35ea0, 0x000001c38cf35fe8]
Event: 19.354 Thread 0x000001c3a48a7d30 6867   !   3       nonapi.io.github.classgraph.fileslice.FileSlice::<init> (207 bytes)
Event: 19.357 Thread 0x000001c3a48a7d30 nmethod 6867 0x000001c38cf36090 code [0x000001c38cf36500, 0x000001c38cf38218]
Event: 19.357 Thread 0x000001c3a48a7d30 6868       3       nonapi.io.github.classgraph.fileslice.FileSlice::slice (36 bytes)
Event: 19.358 Thread 0x000001c3a48a7d30 nmethod 6868 0x000001c38cf38d90 code [0x000001c38cf38f40, 0x000001c38cf39238]
Event: 19.358 Thread 0x000001c3a48a7d30 6869       3       nonapi.io.github.classgraph.fileslice.FileSlice::<init> (112 bytes)
Event: 19.358 Thread 0x000001c3a48a7d30 nmethod 6869 0x000001c38cf39390 code [0x000001c38cf395a0, 0x000001c38cf39cf8]
Event: 19.358 Thread 0x000001c3a48a7d30 6870       3       nonapi.io.github.classgraph.fastzipfilereader.NestedJarHandler$4::newInstance (10 bytes)
Event: 19.359 Thread 0x000001c3a48a7d30 nmethod 6870 0x000001c38cf39f10 code [0x000001c38cf3a0c0, 0x000001c38cf3a308]
Event: 19.359 Thread 0x000001c3a48a7d30 6871   !   3       nonapi.io.github.classgraph.fastzipfilereader.NestedJarHandler$4::newInstance (1102 bytes)
Event: 19.378 Thread 0x000001c3a48a7d30 nmethod 6871 0x000001c38cf3a410 code [0x000001c38cf3b880, 0x000001c38cf477e8]
Event: 19.378 Thread 0x000001c3a48a7d30 6872       3       nonapi.io.github.classgraph.fastzipfilereader.NestedJarHandler$1::newInstance (10 bytes)
Event: 19.379 Thread 0x000001c3a48a7d30 nmethod 6872 0x000001c38cf4bf90 code [0x000001c38cf4c140, 0x000001c38cf4c388]
Event: 19.379 Thread 0x000001c3a48a7d30 6873       3       nonapi.io.github.classgraph.fastzipfilereader.NestedJarHandler$1::newInstance (14 bytes)
Event: 19.379 Thread 0x000001c3a48a7d30 nmethod 6873 0x000001c38cf4c490 code [0x000001c38cf4c640, 0x000001c38cf4c808]

GC Heap History (20 events):
Event: 9.765 GC heap after
{Heap after GC invocations=10 (full 0):
 garbage-first heap   total 86016K, used 20861K [0x0000000741400000, 0x0000000800000000)
  region size 2048K, 2 young (4096K), 2 survivors (4096K)
 Metaspace       used 35611K, committed 35968K, reserved 1114112K
  class space    used 4731K, committed 4864K, reserved 1048576K
}
Event: 12.251 GC heap before
{Heap before GC invocations=11 (full 0):
 garbage-first heap   total 81920K, used 61821K [0x0000000741400000, 0x0000000800000000)
  region size 2048K, 22 young (45056K), 2 survivors (4096K)
 Metaspace       used 44939K, committed 45440K, reserved 1114112K
  class space    used 6020K, committed 6272K, reserved 1048576K
}
Event: 12.264 GC heap after
{Heap after GC invocations=12 (full 0):
 garbage-first heap   total 81920K, used 23027K [0x0000000741400000, 0x0000000800000000)
  region size 2048K, 3 young (6144K), 3 survivors (6144K)
 Metaspace       used 44939K, committed 45440K, reserved 1114112K
  class space    used 6020K, committed 6272K, reserved 1048576K
}
Event: 14.022 GC heap before
{Heap before GC invocations=12 (full 0):
 garbage-first heap   total 81920K, used 59891K [0x0000000741400000, 0x0000000800000000)
  region size 2048K, 22 young (45056K), 3 survivors (6144K)
 Metaspace       used 52998K, committed 53440K, reserved 1114112K
  class space    used 7285K, committed 7488K, reserved 1048576K
}
Event: 14.040 GC heap after
{Heap after GC invocations=13 (full 0):
 garbage-first heap   total 81920K, used 24949K [0x0000000741400000, 0x0000000800000000)
  region size 2048K, 3 young (6144K), 3 survivors (6144K)
 Metaspace       used 52998K, committed 53440K, reserved 1114112K
  class space    used 7285K, committed 7488K, reserved 1048576K
}
Event: 15.526 GC heap before
{Heap before GC invocations=13 (full 0):
 garbage-first heap   total 81920K, used 59765K [0x0000000741400000, 0x0000000800000000)
  region size 2048K, 21 young (43008K), 3 survivors (6144K)
 Metaspace       used 59876K, committed 60288K, reserved 1114112K
  class space    used 8241K, committed 8448K, reserved 1048576K
}
Event: 15.546 GC heap after
{Heap after GC invocations=14 (full 0):
 garbage-first heap   total 81920K, used 28028K [0x0000000741400000, 0x0000000800000000)
  region size 2048K, 3 young (6144K), 3 survivors (6144K)
 Metaspace       used 59876K, committed 60288K, reserved 1114112K
  class space    used 8241K, committed 8448K, reserved 1048576K
}
Event: 17.006 GC heap before
{Heap before GC invocations=15 (full 0):
 garbage-first heap   total 81920K, used 62844K [0x0000000741400000, 0x0000000800000000)
  region size 2048K, 20 young (40960K), 3 survivors (6144K)
 Metaspace       used 63377K, committed 63872K, reserved 1114112K
  class space    used 8745K, committed 8960K, reserved 1048576K
}
Event: 17.027 GC heap after
{Heap after GC invocations=16 (full 0):
 garbage-first heap   total 81920K, used 30577K [0x0000000741400000, 0x0000000800000000)
  region size 2048K, 3 young (6144K), 3 survivors (6144K)
 Metaspace       used 63377K, committed 63872K, reserved 1114112K
  class space    used 8745K, committed 8960K, reserved 1048576K
}
Event: 18.057 GC heap before
{Heap before GC invocations=17 (full 0):
 garbage-first heap   total 81920K, used 61297K [0x0000000741400000, 0x0000000800000000)
  region size 2048K, 19 young (38912K), 3 survivors (6144K)
 Metaspace       used 65247K, committed 65728K, reserved 1114112K
  class space    used 8957K, committed 9152K, reserved 1048576K
}
Event: 18.084 GC heap after
{Heap after GC invocations=18 (full 0):
 garbage-first heap   total 81920K, used 35433K [0x0000000741400000, 0x0000000800000000)
  region size 2048K, 3 young (6144K), 3 survivors (6144K)
 Metaspace       used 65247K, committed 65728K, reserved 1114112K
  class space    used 8957K, committed 9152K, reserved 1048576K
}
Event: 18.556 GC heap before
{Heap before GC invocations=18 (full 0):
 garbage-first heap   total 81920K, used 60009K [0x0000000741400000, 0x0000000800000000)
  region size 2048K, 16 young (32768K), 3 survivors (6144K)
 Metaspace       used 65407K, committed 65984K, reserved 1114112K
  class space    used 8964K, committed 9216K, reserved 1048576K
}
Event: 18.590 GC heap after
{Heap after GC invocations=19 (full 0):
 garbage-first heap   total 81920K, used 43385K [0x0000000741400000, 0x0000000800000000)
  region size 2048K, 2 young (4096K), 2 survivors (4096K)
 Metaspace       used 65407K, committed 65984K, reserved 1114112K
  class space    used 8964K, committed 9216K, reserved 1048576K
}
Event: 18.792 GC heap before
{Heap before GC invocations=19 (full 0):
 garbage-first heap   total 81920K, used 57721K [0x0000000741400000, 0x0000000800000000)
  region size 2048K, 10 young (20480K), 2 survivors (4096K)
 Metaspace       used 65477K, committed 65984K, reserved 1114112K
  class space    used 8969K, committed 9216K, reserved 1048576K
}
Event: 18.807 GC heap after
{Heap after GC invocations=20 (full 0):
 garbage-first heap   total 81920K, used 47331K [0x0000000741400000, 0x0000000800000000)
  region size 2048K, 2 young (4096K), 2 survivors (4096K)
 Metaspace       used 65477K, committed 65984K, reserved 1114112K
  class space    used 8969K, committed 9216K, reserved 1048576K
}
Event: 19.036 GC heap before
{Heap before GC invocations=21 (full 0):
 garbage-first heap   total 100352K, used 61667K [0x0000000741400000, 0x0000000800000000)
  region size 2048K, 9 young (18432K), 2 survivors (4096K)
 Metaspace       used 65505K, committed 65984K, reserved 1114112K
  class space    used 8970K, committed 9216K, reserved 1048576K
}
Event: 19.046 GC heap after
{Heap after GC invocations=22 (full 0):
 garbage-first heap   total 100352K, used 49954K [0x0000000741400000, 0x0000000800000000)
  region size 2048K, 2 young (4096K), 2 survivors (4096K)
 Metaspace       used 65505K, committed 65984K, reserved 1114112K
  class space    used 8970K, committed 9216K, reserved 1048576K
}
Event: 19.077 GC heap before
{Heap before GC invocations=22 (full 0):
 garbage-first heap   total 100352K, used 49954K [0x0000000741400000, 0x0000000800000000)
  region size 2048K, 3 young (6144K), 2 survivors (4096K)
 Metaspace       used 65507K, committed 65984K, reserved 1114112K
  class space    used 8970K, committed 9216K, reserved 1048576K
}
Event: 19.083 GC heap after
{Heap after GC invocations=23 (full 0):
 garbage-first heap   total 100352K, used 48685K [0x0000000741400000, 0x0000000800000000)
  region size 2048K, 1 young (2048K), 1 survivors (2048K)
 Metaspace       used 65507K, committed 65984K, reserved 1114112K
  class space    used 8970K, committed 9216K, reserved 1048576K
}
Event: 19.398 GC heap before
{Heap before GC invocations=23 (full 0):
 garbage-first heap   total 100352K, used 73261K [0x0000000741400000, 0x0000000800000000)
  region size 2048K, 13 young (26624K), 1 survivors (2048K)
 Metaspace       used 65588K, committed 66112K, reserved 1114112K
  class space    used 8970K, committed 9216K, reserved 1048576K
}

Deoptimization events (20 events):
Event: 19.205 Thread 0x000001c3ecf60800 DEOPT PACKING pc=0x000001c38cd819db sp=0x000000ba457fe9d0
Event: 19.205 Thread 0x000001c3ecf60800 DEOPT UNPACKING pc=0x000001c3937f2b43 sp=0x000000ba457fdee0 mode 0
Event: 19.207 Thread 0x000001c3ecf60800 DEOPT PACKING pc=0x000001c38cd819db sp=0x000000ba457fe9d0
Event: 19.207 Thread 0x000001c3ecf60800 DEOPT UNPACKING pc=0x000001c3937f2b43 sp=0x000000ba457fdee0 mode 0
Event: 19.210 Thread 0x000001c3ecf60cd0 DEOPT PACKING pc=0x000001c38cd819ba sp=0x000000ba458fee70
Event: 19.210 Thread 0x000001c3ecf60cd0 DEOPT UNPACKING pc=0x000001c3937f2b43 sp=0x000000ba458fe380 mode 0
Event: 19.214 Thread 0x000001c3ecf611a0 DEOPT PACKING pc=0x000001c38cd819ba sp=0x000000ba459fe9a0
Event: 19.214 Thread 0x000001c3ecf611a0 DEOPT UNPACKING pc=0x000001c3937f2b43 sp=0x000000ba459fdeb0 mode 0
Event: 19.268 Thread 0x000001c3849c7260 Uncommon trap: trap_request=0xffffffde fr.pc=0x000001c393e58a00 relative=0x00000000000011e0
Event: 19.268 Thread 0x000001c3849c7260 Uncommon trap: reason=class_check action=maybe_recompile pc=0x000001c393e58a00 method=java.util.Properties$LineReader.readLine()I @ 479 c2
Event: 19.268 Thread 0x000001c3849c7260 DEOPT PACKING pc=0x000001c393e58a00 sp=0x000000ba437f81e0
Event: 19.268 Thread 0x000001c3849c7260 DEOPT UNPACKING pc=0x000001c3937f23a3 sp=0x000000ba437f8188 mode 2
Event: 19.294 Thread 0x000001c3849c7260 DEOPT PACKING pc=0x000001c38c2df28b sp=0x000000ba437f7bf0
Event: 19.294 Thread 0x000001c3849c7260 DEOPT UNPACKING pc=0x000001c3937f2b43 sp=0x000000ba437f7110 mode 0
Event: 19.294 Thread 0x000001c3849c7260 Uncommon trap: trap_request=0xffffff45 fr.pc=0x000001c393d57164 relative=0x0000000000000064
Event: 19.294 Thread 0x000001c3849c7260 Uncommon trap: reason=unstable_if action=reinterpret pc=0x000001c393d57164 method=java.io.WinNTFileSystem.isSlash(C)Z @ 9 c2
Event: 19.294 Thread 0x000001c3849c7260 DEOPT PACKING pc=0x000001c393d57164 sp=0x000000ba437f7c10
Event: 19.294 Thread 0x000001c3849c7260 DEOPT UNPACKING pc=0x000001c3937f23a3 sp=0x000000ba437f7b98 mode 2
Event: 19.330 Thread 0x000001c3ecf63350 DEOPT PACKING pc=0x000001c38c2df28b sp=0x000000ba454fe4a0
Event: 19.330 Thread 0x000001c3ecf63350 DEOPT UNPACKING pc=0x000001c3937f2b43 sp=0x000000ba454fd9c0 mode 0

Classes unloaded (0 events):
No events

Classes redefined (0 events):
No events

Internal exceptions (20 events):
Event: 19.323 Thread 0x000001c3ecf63350 Exception <a 'sun/nio/fs/WindowsException'{0x00000007463fef48}> (0x00000007463fef48) 
thrown [s\open\src\hotspot\share\prims\jni.cpp, line 516]
Event: 19.324 Thread 0x000001c3ecf63350 Exception <a 'sun/nio/fs/WindowsException'{0x00000007463ff270}> (0x00000007463ff270) 
thrown [s\open\src\hotspot\share\prims\jni.cpp, line 516]
Event: 19.324 Thread 0x000001c3ecf63350 Exception <a 'sun/nio/fs/WindowsException'{0x00000007463ffc00}> (0x00000007463ffc00) 
thrown [s\open\src\hotspot\share\prims\jni.cpp, line 516]
Event: 19.325 Thread 0x000001c3ecf63350 Exception <a 'sun/nio/fs/WindowsException'{0x0000000746000248}> (0x0000000746000248) 
thrown [s\open\src\hotspot\share\prims\jni.cpp, line 516]
Event: 19.325 Thread 0x000001c3ecf63350 Exception <a 'sun/nio/fs/WindowsException'{0x0000000746000e08}> (0x0000000746000e08) 
thrown [s\open\src\hotspot\share\prims\jni.cpp, line 516]
Event: 19.325 Thread 0x000001c3ecf63350 Exception <a 'sun/nio/fs/WindowsException'{0x0000000746001138}> (0x0000000746001138) 
thrown [s\open\src\hotspot\share\prims\jni.cpp, line 516]
Event: 19.326 Thread 0x000001c3ecf63350 Exception <a 'sun/nio/fs/WindowsException'{0x0000000746001a78}> (0x0000000746001a78) 
thrown [s\open\src\hotspot\share\prims\jni.cpp, line 516]
Event: 19.326 Thread 0x000001c3ecf63350 Exception <a 'sun/nio/fs/WindowsException'{0x0000000746001d70}> (0x0000000746001d70) 
thrown [s\open\src\hotspot\share\prims\jni.cpp, line 516]
Event: 19.326 Thread 0x000001c3ecf63350 Exception <a 'sun/nio/fs/WindowsException'{0x00000007460026b8}> (0x00000007460026b8) 
thrown [s\open\src\hotspot\share\prims\jni.cpp, line 516]
Event: 19.326 Thread 0x000001c3ecf63350 Exception <a 'sun/nio/fs/WindowsException'{0x00000007460029c8}> (0x00000007460029c8) 
thrown [s\open\src\hotspot\share\prims\jni.cpp, line 516]
Event: 19.326 Thread 0x000001c3ecf63350 Exception <a 'sun/nio/fs/WindowsException'{0x0000000746003308}> (0x0000000746003308) 
thrown [s\open\src\hotspot\share\prims\jni.cpp, line 516]
Event: 19.326 Thread 0x000001c3ecf63350 Exception <a 'sun/nio/fs/WindowsException'{0x0000000746003608}> (0x0000000746003608) 
thrown [s\open\src\hotspot\share\prims\jni.cpp, line 516]
Event: 19.326 Thread 0x000001c3ecf63350 Exception <a 'sun/nio/fs/WindowsException'{0x0000000746003f50}> (0x0000000746003f50) 
thrown [s\open\src\hotspot\share\prims\jni.cpp, line 516]
Event: 19.326 Thread 0x000001c3ecf63350 Exception <a 'sun/nio/fs/WindowsException'{0x0000000746004260}> (0x0000000746004260) 
thrown [s\open\src\hotspot\share\prims\jni.cpp, line 516]
Event: 19.327 Thread 0x000001c3ecf63350 Exception <a 'sun/nio/fs/WindowsException'{0x0000000746004bc8}> (0x0000000746004bc8) 
thrown [s\open\src\hotspot\share\prims\jni.cpp, line 516]
Event: 19.327 Thread 0x000001c3ecf63350 Exception <a 'sun/nio/fs/WindowsException'{0x0000000746004ef8}> (0x0000000746004ef8) 
thrown [s\open\src\hotspot\share\prims\jni.cpp, line 516]
Event: 19.327 Thread 0x000001c3ecf63350 Exception <a 'sun/nio/fs/WindowsException'{0x0000000746005870}> (0x0000000746005870) 
thrown [s\open\src\hotspot\share\prims\jni.cpp, line 516]
Event: 19.327 Thread 0x000001c3ecf63350 Exception <a 'sun/nio/fs/WindowsException'{0x0000000746005bb8}> (0x0000000746005bb8) 
thrown [s\open\src\hotspot\share\prims\jni.cpp, line 516]
Event: 19.327 Thread 0x000001c3ecf63350 Exception <a 'sun/nio/fs/WindowsException'{0x0000000746006528}> (0x0000000746006528) 
thrown [s\open\src\hotspot\share\prims\jni.cpp, line 516]
Event: 19.328 Thread 0x000001c3ecf63350 Exception <a 'sun/nio/fs/WindowsException'{0x0000000746006868}> (0x0000000746006868) 
thrown [s\open\src\hotspot\share\prims\jni.cpp, line 516]

VM Operations (20 events):
Event: 18.092 Executing VM operation: G1CollectForAllocation done
Event: 18.499 Executing VM operation: HandshakeAllThreads
Event: 18.500 Executing VM operation: HandshakeAllThreads done
Event: 18.520 Executing VM operation: HandshakeAllThreads
Event: 18.520 Executing VM operation: HandshakeAllThreads done
Event: 18.539 Executing VM operation: HandshakeAllThreads
Event: 18.539 Executing VM operation: HandshakeAllThreads done
Event: 18.556 Executing VM operation: G1CollectForAllocation
Event: 18.590 Executing VM operation: G1CollectForAllocation done
Event: 18.792 Executing VM operation: G1CollectForAllocation
Event: 18.811 Executing VM operation: G1CollectForAllocation done
Event: 18.944 Executing VM operation: G1Concurrent
Event: 18.952 Executing VM operation: G1Concurrent done
Event: 19.020 Executing VM operation: G1Concurrent
Event: 19.029 Executing VM operation: G1Concurrent done
Event: 19.036 Executing VM operation: G1CollectForAllocation
Event: 19.047 Executing VM operation: G1CollectForAllocation done
Event: 19.076 Executing VM operation: G1CollectForAllocation
Event: 19.086 Executing VM operation: G1CollectForAllocation done
Event: 19.385 Executing VM operation: G1CollectForAllocation

Events (20 events):
Event: 19.251 Thread 0x000001c3ecf62010 Thread added: 0x000001c3ecf62010
Event: 19.251 Thread 0x000001c3ecf629b0 Thread added: 0x000001c3ecf629b0
Event: 19.251 Thread 0x000001c3ecf62e80 Thread added: 0x000001c3ecf62e80
Event: 19.251 Thread 0x000001c3ecf63350 Thread added: 0x000001c3ecf63350
Event: 19.266 Thread 0x000001c3ecf62010 Thread exited: 0x000001c3ecf62010
Event: 19.266 Thread 0x000001c3ecf61670 Thread exited: 0x000001c3ecf61670
Event: 19.266 Thread 0x000001c3ecf60cd0 Thread exited: 0x000001c3ecf60cd0
Event: 19.267 Thread 0x000001c3ecf60800 Thread exited: 0x000001c3ecf60800
Event: 19.267 Thread 0x000001c3ecf629b0 Thread exited: 0x000001c3ecf629b0
Event: 19.267 Thread 0x000001c3ecf611a0 Thread exited: 0x000001c3ecf611a0
Event: 19.267 Thread 0x000001c3ecf62e80 Thread exited: 0x000001c3ecf62e80
Event: 19.268 Thread 0x000001c3ecf63350 Thread exited: 0x000001c3ecf63350
Event: 19.312 Thread 0x000001c3ecf63350 Thread added: 0x000001c3ecf63350
Event: 19.313 Thread 0x000001c3ecf61670 Thread added: 0x000001c3ecf61670
Event: 19.313 Thread 0x000001c3ecf60800 Thread added: 0x000001c3ecf60800
Event: 19.313 Thread 0x000001c3ecf62010 Thread added: 0x000001c3ecf62010
Event: 19.313 Thread 0x000001c3ecf60cd0 Thread added: 0x000001c3ecf60cd0
Event: 19.314 Thread 0x000001c3ecf611a0 Thread added: 0x000001c3ecf611a0
Event: 19.314 Thread 0x000001c3ecf629b0 Thread added: 0x000001c3ecf629b0
Event: 19.315 Thread 0x000001c3ecf62e80 Thread added: 0x000001c3ecf62e80


Dynamic libraries:
0x00007ff67a300000 - 0x00007ff67a310000 	C:\Program Files\Java\jdk-17\bin\java.exe
0x00007fff2bdd0000 - 0x00007fff2bfc8000 	C:\Windows\SYSTEM32\ntdll.dll
0x00007fff2a150000 - 0x00007fff2a212000 	C:\Windows\System32\KERNEL32.DLL
0x00007fff29940000 - 0x00007fff29c3e000 	C:\Windows\System32\KERNELBASE.dll
0x00007fff297a0000 - 0x00007fff298a0000 	C:\Windows\System32\ucrtbase.dll
0x00007ffeffd30000 - 0x00007ffeffd4b000 	C:\Program Files\Java\jdk-17\bin\VCRUNTIME140.dll
0x00007ffeedf90000 - 0x00007ffeedfa9000 	C:\Program Files\Java\jdk-17\bin\jli.dll
0x00007fff2b800000 - 0x00007fff2b8b1000 	C:\Windows\System32\ADVAPI32.dll
0x00007fff2b990000 - 0x00007fff2ba2e000 	C:\Windows\System32\msvcrt.dll
0x00007fff2a4a0000 - 0x00007fff2a53f000 	C:\Windows\System32\sechost.dll
0x00007fff2b020000 - 0x00007fff2b143000 	C:\Windows\System32\RPCRT4.dll
0x00007fff29630000 - 0x00007fff29657000 	C:\Windows\System32\bcrypt.dll
0x00007fff2ae80000 - 0x00007fff2b01d000 	C:\Windows\System32\USER32.dll
0x00007fff29590000 - 0x00007fff295b2000 	C:\Windows\System32\win32u.dll
0x00007fff14f40000 - 0x00007fff151da000 	C:\Windows\WinSxS\amd64_microsoft.windows.common-controls_6595b64144ccf1df_6.0.19041.4355_none_60b8b9eb71f62e16\COMCTL32.dll
0x00007fff2b7d0000 - 0x00007fff2b7fb000 	C:\Windows\System32\GDI32.dll
0x00007fff29470000 - 0x00007fff29587000 	C:\Windows\System32\gdi32full.dll
0x00007fff298a0000 - 0x00007fff2993d000 	C:\Windows\System32\msvcp_win.dll
0x00007fff20990000 - 0x00007fff2099a000 	C:\Windows\SYSTEM32\VERSION.dll
0x00007fff2a360000 - 0x00007fff2a38f000 	C:\Windows\System32\IMM32.DLL
0x00007fff11ca0000 - 0x00007fff11cac000 	C:\Program Files\Java\jdk-17\bin\vcruntime140_1.dll
0x00007ffed4a60000 - 0x00007ffed4aee000 	C:\Program Files\Java\jdk-17\bin\msvcp140.dll
0x00007ffeceeb0000 - 0x00007ffecfa8e000 	C:\Program Files\Java\jdk-17\bin\server\jvm.dll
0x00007fff2b7c0000 - 0x00007fff2b7c8000 	C:\Windows\System32\PSAPI.DLL
0x00007fff0b0a0000 - 0x00007fff0b0a9000 	C:\Windows\SYSTEM32\WSOCK32.dll
0x00007fff127b0000 - 0x00007fff127d7000 	C:\Windows\SYSTEM32\WINMM.dll
0x00007fff29e50000 - 0x00007fff29ebb000 	C:\Windows\System32\WS2_32.dll
0x00007fff27ca0000 - 0x00007fff27cb2000 	C:\Windows\SYSTEM32\kernel.appcore.dll
0x00007ffeed370000 - 0x00007ffeed37a000 	C:\Program Files\Java\jdk-17\bin\jimage.dll
0x00007fff271b0000 - 0x00007fff27394000 	C:\Windows\SYSTEM32\DBGHELP.DLL
0x00007fff0b380000 - 0x00007fff0b3b4000 	C:\Windows\SYSTEM32\dbgcore.DLL
0x00007fff29710000 - 0x00007fff29792000 	C:\Windows\System32\bcryptPrimitives.dll
0x00007ffedf820000 - 0x00007ffedf845000 	C:\Program Files\Java\jdk-17\bin\java.dll
0x00007ffed4980000 - 0x00007ffed4a57000 	C:\Program Files\Java\jdk-17\bin\jsvml.dll
0x00007fff2a560000 - 0x00007fff2accd000 	C:\Windows\System32\SHELL32.dll
0x00007fff27490000 - 0x00007fff27c34000 	C:\Windows\SYSTEM32\windows.storage.dll
0x00007fff2ba30000 - 0x00007fff2bd83000 	C:\Windows\System32\combase.dll
0x00007fff28dc0000 - 0x00007fff28dee000 	C:\Windows\SYSTEM32\Wldp.dll
0x00007fff2b8c0000 - 0x00007fff2b98d000 	C:\Windows\System32\OLEAUT32.dll
0x00007fff2b6b0000 - 0x00007fff2b75d000 	C:\Windows\System32\SHCORE.dll
0x00007fff2a440000 - 0x00007fff2a495000 	C:\Windows\System32\shlwapi.dll
0x00007fff293a0000 - 0x00007fff293c4000 	C:\Windows\SYSTEM32\profapi.dll
0x00007ffee0650000 - 0x00007ffee0669000 	C:\Program Files\Java\jdk-17\bin\net.dll
0x00007fff1df60000 - 0x00007fff1e06d000 	C:\Windows\SYSTEM32\WINHTTP.dll
0x00007fff28ba0000 - 0x00007fff28c0a000 	C:\Windows\system32\mswsock.dll
0x00007ffeddc00000 - 0x00007ffeddc16000 	C:\Program Files\Java\jdk-17\bin\nio.dll
0x00007ffeddbe0000 - 0x00007ffeddbf8000 	C:\Program Files\Java\jdk-17\bin\zip.dll
0x00007ffee9f20000 - 0x00007ffee9f2a000 	C:\Program Files\Java\jdk-17\bin\management.dll
0x00007ffee9e20000 - 0x00007ffee9e2b000 	C:\Program Files\Java\jdk-17\bin\management_ext.dll
0x00007ffee4940000 - 0x00007ffee494e000 	C:\Program Files\Java\jdk-17\bin\sunmscapi.dll
0x00007fff29c40000 - 0x00007fff29d9c000 	C:\Windows\System32\CRYPT32.dll
0x00007fff28e80000 - 0x00007fff28ea7000 	C:\Windows\SYSTEM32\ncrypt.dll
0x00007fff28e40000 - 0x00007fff28e7b000 	C:\Windows\SYSTEM32\NTASN1.dll
0x00007fff28e00000 - 0x00007fff28e18000 	C:\Windows\SYSTEM32\CRYPTSP.dll
0x00007fff28410000 - 0x00007fff28444000 	C:\Windows\system32\rsaenh.dll
0x00007fff29360000 - 0x00007fff2938e000 	C:\Windows\SYSTEM32\USERENV.dll
0x00007fff28d30000 - 0x00007fff28d3c000 	C:\Windows\SYSTEM32\CRYPTBASE.dll
0x00007fff28830000 - 0x00007fff2886b000 	C:\Windows\SYSTEM32\IPHLPAPI.DLL
0x00007fff2a350000 - 0x00007fff2a358000 	C:\Windows\System32\NSI.dll
0x00007fff20b90000 - 0x00007fff20ba7000 	C:\Windows\SYSTEM32\dhcpcsvc6.DLL
0x00007fff20c80000 - 0x00007fff20c9d000 	C:\Windows\SYSTEM32\dhcpcsvc.DLL
0x00007fff28870000 - 0x00007fff2893a000 	C:\Windows\SYSTEM32\DNSAPI.dll
0x00007ffeecc80000 - 0x00007ffeecc90000 	C:\Program Files\Java\jdk-17\bin\verify.dll
0x00007fff21100000 - 0x00007fff2110a000 	C:\Windows\System32\rasadhlp.dll
0x00007fff17d30000 - 0x00007fff17db0000 	C:\Windows\System32\fwpuclnt.dll

dbghelp: loaded successfully - version: 4.0.5 - missing functions: none
symbol engine: initialized successfully - sym options: 0x614 - pdb path: .;C:\Program Files\Java\jdk-17\bin;C:\Windows\SYSTEM32;C:\Windows\WinSxS\amd64_microsoft.windows.common-controls_6595b64144ccf1df_6.0.19041.4355_none_60b8b9eb71f62e16;C:\Program Files\Java\jdk-17\bin\server

VM Arguments:
java_command: C:\Users\DHIA\AppData\Local\Temp\surefire16581757085414558\surefirebooter-20241108154709361_3.jar C:\Users\DHIA\AppData\Local\Temp\surefire16581757085414558 2024-11-08T15-47-08_945-jvmRun1 surefire-20241108154709361_1tmp surefire_0-20241108154709361_2tmp
java_class_path (initial): C:\Users\DHIA\AppData\Local\Temp\surefire16581757085414558\surefirebooter-20241108154709361_3.jar
Launcher Type: SUN_STANDARD

[Global flags]
     intx CICompilerCount                          = 3                                         {product} {ergonomic}
     uint ConcGCThreads                            = 1                                         {product} {ergonomic}
     uint G1ConcRefinementThreads                  = 4                                         {product} {ergonomic}
   size_t G1HeapRegionSize                         = 2097152                                   {product} {ergonomic}
    uintx GCDrainStackTargetSize                   = 64                                        {product} {ergonomic}
   size_t InitialHeapSize                          = 201326592                                 {product} {ergonomic}
   size_t MarkStackSize                            = 4194304                                   {product} {ergonomic}
   size_t MaxHeapSize                              = 3200253952                                {product} {ergonomic}
   size_t MaxNewSize                               = 1918894080                                {product} {ergonomic}
   size_t MinHeapDeltaBytes                        = 2097152                                   {product} {ergonomic}
   size_t MinHeapSize                              = 8388608                                   {product} {ergonomic}
    uintx NonNMethodCodeHeapSize                   = 5832780                                {pd product} {ergonomic}
    uintx NonProfiledCodeHeapSize                  = 122912730                              {pd product} {ergonomic}
    uintx ProfiledCodeHeapSize                     = 122912730                              {pd product} {ergonomic}
    uintx ReservedCodeCacheSize                    = 251658240                              {pd product} {ergonomic}
     bool SegmentedCodeCache                       = true                                      {product} {ergonomic}
   size_t SoftMaxHeapSize                          = 3200253952                             {manageable} {ergonomic}
     bool UseCompressedClassPointers               = true                           {product lp64_product} {ergonomic}
     bool UseCompressedOops                        = true                           {product lp64_product} {ergonomic}
     bool UseG1GC                                  = true                                      {product} {ergonomic}
     bool UseLargePagesIndividualAllocation        = false                                  {pd product} {ergonomic}

Logging:
Log output configuration:
 #0: stdout all=warning uptime,level,tags
 #1: stderr all=off uptime,level,tags

Environment Variables:
JAVA_HOME=C:\Program Files\Java\jdk-17
PATH=C:\Python312\Scripts\;C:\Python312\;C:\Program Files\Java\jdk-17\bin;C:\Program Files\Java\jdk-20\bin;C:\oraclexe\app\oracle\product\11.2.0\server\bin;C:\php-8.2.10;C:\xampp\php;C:\Program Files\Microsoft\jdk-11.0.16.101-hotspot\bin;C:\Program Files\Common Files\Oracle\Java\javapath;C:\Program Files (x86)\Common Files\Oracle\Java\javapath;C:\Windows\system32;C:\Windows;C:\Windows\System32\Wbem;C:\Windows\System32\WindowsPowerShell\v1.0\;C:\Windows\System32\OpenSSH\;C:\xampp\php;C:\Program Files\Git\cmd;C:\composer;C:\Program Files\apache-maven-3.9.4-bin\apache-maven-3.9.4\bin;C:\Program Files\apache-maven-3.9.4-bin\apache-maven-3.9.4;C:\ProgramData\ComposerSetup\bin;C:\ProgramData\chocolatey\bin;C:\Program Files\dotnet\;C:\Program Files\Microsoft SQL Server\150\Tools\Binn\;C:\Program Files\Microsoft SQL Server\Client SDK\ODBC\170\Tools\Binn\;C:\Program Files\Microsoft SQL Server\110\DTS\Binn\;C:\Program Files (x86)\Microsoft SQL Server\110\Tools\Binn\;C:\Program Files\Microsoft SQL Server\110\Tools\Binn\;C:\Program Files (x86)\Microsoft SQL Server\110\Tools\Binn\ManagementStudio\;C:\Program Files (x86)\Microsoft Visual Studio 10.0\Common7\IDE\PrivateAssemblies\;C:\Program Files (x86)\Microsoft SQL Server\110\DTS\Binn\;C:\Program Files\Docker\Docker\resources\bin;C:\Program Files\nodejs\;C:\Program Files\Vagrant\bin;C:\Users\DHIA\scoop\shims;C:\Users\DHIA\AppData\Local\Programs\Python\Python311\Scripts\;C:\Users\DHIA\AppData\Local\Programs\Python\Python311\;C:\Users\DHIA\AppData\Local\Microsoft\WindowsApps;C:\Users\DHIA\AppData\Local\Programs\Microsoft VS Code\bin;C:\Program Files\JetBrains\PyCharm 2023.2.1\bin;;C:\Users\DHIA\AppData\Roaming\Composer\vendor\bin;C:\Program Files\JetBrains\PhpStorm 2023.2.3\bin;;C:\Program Files\JetBrains\IntelliJ IDEA 2023.2.3\bin;;C:\Users\DHIA\.dotnet\tools;C:\Users\DHIA\AppData\Local\Microsoft\WinGet\Packages\Schniz.fnm_Microsoft.Winget.Source_8wekyb3d8bbwe;C:\Users\DHIA\AppData\Roaming\npm;C:\Users\DHIA\AppData\Local\Android\Sdk
USERNAME=DHIA
OS=Windows_NT
PROCESSOR_IDENTIFIER=Intel64 Family 6 Model 142 Stepping 9, GenuineIntel



---------------  S Y S T E M  ---------------

OS:
 Windows 10 , 64 bit Build 19041 (10.0.19041.5072)
OS uptime: 0 days 19:38 hours
Hyper-V role detected

CPU: total 4 (initial active 4) (2 cores per cpu, 2 threads per core) family 6 model 142 stepping 9 microcode 0xb4, cx8, cmov, fxsr, ht, mmx, 3dnowpref, sse, sse2, sse3, ssse3, sse4.1, sse4.2, popcnt, lzcnt, tsc, tscinvbit, avx, avx2, aes, erms, clmul, bmi1, bmi2, adx, fma, vzeroupper, clflush, clflushopt, hv

Memory: 4k page, system-wide physical 12203M (718M free)
TotalPageFile size 14251M (AvailPageFile size 24M)
current process WorkingSet (physical memory assigned to process): 304M, peak: 304M
current process commit charge ("private bytes"): 366M, peak: 430M

vm_info: Java HotSpot(TM) 64-Bit Server VM (17.0.8+9-LTS-211) for windows-amd64 JRE (17.0.8+9-LTS-211), built on Jun 14 2023 10:34:31 by "mach5one" with MS VC++ 17.1 (VS2022)

END.
