#
# There is insufficient memory for the Java Runtime Environment to continue.
# Native memory allocation (mmap) failed to map 65011712 bytes for G1 virtual space
# Possible reasons:
#   The system is out of physical RAM or swap space
#   The process is running with CompressedOops enabled, and the Java Heap may be blocking the growth of the native heap
# Possible solutions:
#   Reduce memory load on the system
#   Increase physical memory or swap space
#   Check if swap backing store is full
#   Decrease Java heap size (-Xmx/-Xms)
#   Decrease number of Java threads
#   Decrease Java thread stack sizes (-Xss)
#   Set larger code cache with -XX:ReservedCodeCacheSize=
#   JVM is running with Zero Based Compressed Oops mode in which the Java heap is
#     placed in the first 32GB address space. The Java Heap base address is the
#     maximum limit for the native heap growth. Please use -XX:HeapBaseMinAddress
#     to set the Java Heap base and to place the Java Heap above 32GB virtual address.
# This output file may be truncated or incomplete.
#
#  Out of Memory Error (os_windows.cpp:3550), pid=6992, tid=3692
#
# JRE version: Java(TM) SE Runtime Environment (17.0.8+9) (build 17.0.8+9-LTS-211)
# Java VM: Java HotSpot(TM) 64-Bit Server VM (17.0.8+9-LTS-211, mixed mode, sharing, tiered, compressed oops, compressed class ptrs, g1 gc, windows-amd64)
# No core dump will be written. Minidumps are not enabled by default on client versions of Windows
#

---------------  S U M M A R Y ------------

Command Line: C:\Users\DHIA\AppData\Local\Temp\surefire308458202814970136\surefirebooter-20241108154810926_3.jar C:\Users\DHIA\AppData\Local\Temp\surefire308458202814970136 2024-11-08T15-48-10_504-jvmRun1 surefire-20241108154810926_1tmp surefire_0-20241108154810926_2tmp

Host: Intel(R) Core(TM) i3-7020U CPU @ 2.30GHz, 4 cores, 11G,  Windows 10 , 64 bit Build 19041 (10.0.19041.5072)
Time: Fri Nov  8 15:48:29 2024 Afr. centrale Ouest elapsed time: 18.603180 seconds (0d 0h 0m 18s)

---------------  T H R E A D  ---------------

Current thread (0x00000213ee157eb0):  VMThread "VM Thread" [stack: 0x000000bb98a00000,0x000000bb98b00000] [id=3692]

Stack: [0x000000bb98a00000,0x000000bb98b00000]
Native frames: (J=compiled Java code, j=interpreted, Vv=VM code, C=native code)
V  [jvm.dll+0x677d0a]
V  [jvm.dll+0x7d8c54]
V  [jvm.dll+0x7da3fe]
V  [jvm.dll+0x7daa63]
V  [jvm.dll+0x245c5f]
V  [jvm.dll+0x674bb9]
V  [jvm.dll+0x6694f2]
V  [jvm.dll+0x3031d6]
V  [jvm.dll+0x30a756]
V  [jvm.dll+0x359f9e]
V  [jvm.dll+0x35a1cf]
V  [jvm.dll+0x2da3e8]
V  [jvm.dll+0x2d87f5]
V  [jvm.dll+0x2d7dfc]
V  [jvm.dll+0x31b4cb]
V  [jvm.dll+0x7df26b]
V  [jvm.dll+0x7dffa4]
V  [jvm.dll+0x7e04bd]
V  [jvm.dll+0x7e0894]
V  [jvm.dll+0x7e0960]
V  [jvm.dll+0x788bba]
V  [jvm.dll+0x676b35]
C  [ucrtbase.dll+0x21bb2]
C  [KERNEL32.DLL+0x17374]
C  [ntdll.dll+0x4cc91]

VM_Operation (0x000000bb9a5fd920): G1CollectForAllocation, mode: safepoint, requested by thread 0x00000213f5c25eb0


---------------  P R O C E S S  ---------------

Threads class SMR info:
_java_thread_list=0x00000213f5201900, length=25, elements={
0x00000213ce2a7000, 0x00000213ee15ceb0, 0x00000213ee15dd20, 0x00000213ee1744e0,
0x00000213ee176fa0, 0x00000213ee177950, 0x00000213ee178300, 0x00000213ee17e5d0,
0x00000213ee1a7090, 0x00000213ee1a9580, 0x00000213ee409530, 0x00000213ee40bfd0,
0x00000213ee64b560, 0x00000213ee8e7ae0, 0x00000213f5c271f0, 0x00000213f5c28530,
0x00000213f4d144a0, 0x00000213f5c276c0, 0x00000213f5c259e0, 0x00000213f5c25510,
0x00000213f5c26380, 0x00000213f5c28060, 0x00000213f5c25eb0, 0x00000213f5c26d20,
0x00000213f5c25040
}

Java Threads: ( => current thread )
  0x00000213ce2a7000 JavaThread "main" [_thread_blocked, id=6372, stack(0x000000bb98400000,0x000000bb98500000)]
  0x00000213ee15ceb0 JavaThread "Reference Handler" daemon [_thread_blocked, id=17528, stack(0x000000bb98b00000,0x000000bb98c00000)]
  0x00000213ee15dd20 JavaThread "Finalizer" daemon [_thread_blocked, id=10460, stack(0x000000bb98c00000,0x000000bb98d00000)]
  0x00000213ee1744e0 JavaThread "Signal Dispatcher" daemon [_thread_blocked, id=1772, stack(0x000000bb98d00000,0x000000bb98e00000)]
  0x00000213ee176fa0 JavaThread "Attach Listener" daemon [_thread_blocked, id=4356, stack(0x000000bb98e00000,0x000000bb98f00000)]
  0x00000213ee177950 JavaThread "Service Thread" daemon [_thread_blocked, id=4516, stack(0x000000bb98f00000,0x000000bb99000000)]
  0x00000213ee178300 JavaThread "Monitor Deflation Thread" daemon [_thread_blocked, id=3828, stack(0x000000bb99000000,0x000000bb99100000)]
  0x00000213ee17e5d0 JavaThread "C2 CompilerThread0" daemon [_thread_blocked, id=11796, stack(0x000000bb99100000,0x000000bb99200000)]
  0x00000213ee1a7090 JavaThread "C1 CompilerThread0" daemon [_thread_blocked, id=6432, stack(0x000000bb99200000,0x000000bb99300000)]
  0x00000213ee1a9580 JavaThread "Sweeper thread" daemon [_thread_blocked, id=3420, stack(0x000000bb99300000,0x000000bb99400000)]
  0x00000213ee409530 JavaThread "Notification Thread" daemon [_thread_blocked, id=6248, stack(0x000000bb99400000,0x000000bb99500000)]
  0x00000213ee40bfd0 JavaThread "Common-Cleaner" daemon [_thread_blocked, id=14096, stack(0x000000bb99600000,0x000000bb99700000)]
  0x00000213ee64b560 JavaThread "surefire-forkedjvm-stream-flusher" daemon [_thread_blocked, id=4472, stack(0x000000bb99700000,0x000000bb99800000)]
  0x00000213ee8e7ae0 JavaThread "surefire-forkedjvm-command-thread" daemon [_thread_in_native, id=11712, stack(0x000000bb99800000,0x000000bb99900000)]
  0x00000213f5c271f0 JavaThread "PostgreSQL-JDBC-Cleaner" daemon [_thread_blocked, id=1672, stack(0x000000bb99e00000,0x000000bb99f00000)]
  0x00000213f5c28530 JavaThread "HikariPool-1 housekeeper" daemon [_thread_blocked, id=15284, stack(0x000000bb99f00000,0x000000bb9a000000)]
  0x00000213f4d144a0 JavaThread "C2 CompilerThread1" daemon [_thread_blocked, id=14748, stack(0x000000bb99c00000,0x000000bb99d00000)]
  0x00000213f5c276c0 JavaThread "ClassGraph-worker-32" daemon [_thread_blocked, id=17976, stack(0x000000bb9a000000,0x000000bb9a100000)]
  0x00000213f5c259e0 JavaThread "ClassGraph-worker-33" daemon [_thread_blocked, id=3956, stack(0x000000bb9a100000,0x000000bb9a200000)]
  0x00000213f5c25510 JavaThread "ClassGraph-worker-34" daemon [_thread_blocked, id=12016, stack(0x000000bb9a200000,0x000000bb9a300000)]
  0x00000213f5c26380 JavaThread "ClassGraph-worker-35" daemon [_thread_blocked, id=14260, stack(0x000000bb9a300000,0x000000bb9a400000)]
  0x00000213f5c28060 JavaThread "ClassGraph-worker-36" daemon [_thread_blocked, id=6688, stack(0x000000bb9a400000,0x000000bb9a500000)]
  0x00000213f5c25eb0 JavaThread "ClassGraph-worker-37" daemon [_thread_blocked, id=6628, stack(0x000000bb9a500000,0x000000bb9a600000)]
  0x00000213f5c26d20 JavaThread "ClassGraph-worker-38" daemon [_thread_blocked, id=14276, stack(0x000000bb9a600000,0x000000bb9a700000)]
  0x00000213f5c25040 JavaThread "ClassGraph-worker-39" daemon [_thread_blocked, id=8148, stack(0x000000bb9a700000,0x000000bb9a800000)]

Other Threads:
=>0x00000213ee157eb0 VMThread "VM Thread" [stack: 0x000000bb98a00000,0x000000bb98b00000] [id=3692]
  0x00000213ce315730 WatcherThread [stack: 0x000000bb99500000,0x000000bb99600000] [id=11100]
  0x00000213ce2fe520 GCTaskThread "GC Thread#0" [stack: 0x000000bb98500000,0x000000bb98600000] [id=9360]
  0x00000213ee8e9630 GCTaskThread "GC Thread#1" [stack: 0x000000bb99900000,0x000000bb99a00000] [id=12000]
  0x00000213ee90cab0 GCTaskThread "GC Thread#2" [stack: 0x000000bb99a00000,0x000000bb99b00000] [id=16880]
  0x00000213ee90cd60 GCTaskThread "GC Thread#3" [stack: 0x000000bb99b00000,0x000000bb99c00000] [id=8920]
  0x00000213ce30c330 ConcurrentGCThread "G1 Main Marker" [stack: 0x000000bb98600000,0x000000bb98700000] [id=3840]
  0x00000213ce30d4e0 ConcurrentGCThread "G1 Conc#0" [stack: 0x000000bb98700000,0x000000bb98800000] [id=16896]
  0x00000213ce36ffb0 ConcurrentGCThread "G1 Refine#0" [stack: 0x000000bb98800000,0x000000bb98900000] [id=11060]
  0x00000213ce3709d0 ConcurrentGCThread "G1 Service" [stack: 0x000000bb98900000,0x000000bb98a00000] [id=17092]

Threads with active compile tasks:
C2 CompilerThread0    18659 6789 %     4       io.github.classgraph.ClasspathElementZip::scanPaths @ 182 (879 bytes)
C2 CompilerThread1    18659 6844       4       java.io.WinNTFileSystem::normalize (224 bytes)

VM state: at safepoint (normal execution)

VM Mutex/Monitor currently owned by a thread:  ([mutex/lock_event])
[0x00000213ce2a0d90] Threads_lock - owner thread: 0x00000213ee157eb0
[0x00000213ce2a0fd0] Heap_lock - owner thread: 0x00000213f5c25eb0

Heap address: 0x0000000741400000, size: 3052 MB, Compressed Oops mode: Zero based, Oop shift amount: 3

CDS archive(s) mapped at: [0x0000021380000000-0x0000021380bd0000-0x0000021380bd0000), size 12386304, SharedBaseAddress: 0x0000021380000000, ArchiveRelocationMode: 1.
Compressed class space mapped at: 0x0000021381000000-0x00000213c1000000, reserved size: 1073741824
Narrow klass base: 0x0000021380000000, Narrow klass shift: 0, Narrow klass range: 0x100000000

GC Precious Log:
 CPUs: 4 total, 4 available
 Memory: 12203M
 Large Page Support: Disabled
 NUMA Support: Disabled
 Compressed Oops: Enabled (Zero based)
 Heap Region Size: 2M
 Heap Min Capacity: 8M
 Heap Initial Capacity: 192M
 Heap Max Capacity: 3052M
 Pre-touch: Disabled
 Parallel Workers: 4
 Concurrent Workers: 1
 Concurrent Refinement Workers: 4
 Periodic GC: Disabled

Heap:
 garbage-first heap   total 133120K, used 51772K [0x0000000741400000, 0x0000000800000000)
  region size 2048K, 1 young (2048K), 1 survivors (2048K)
 Metaspace       used 65591K, committed 66112K, reserved 1114112K
  class space    used 8970K, committed 9216K, reserved 1048576K

Heap Regions: E=young(eden), S=young(survivor), O=old, HS=humongous(starts), HC=humongous(continues), CS=collection set, F=free, OA=open archive, CA=closed archive, TAMS=top-at-mark-start (previous, next)
|   0|0x0000000741400000, 0x0000000741600000, 0x0000000741600000|100%| O|  |TAMS 0x0000000741600000, 0x0000000741400000| Untracked 
|   1|0x0000000741600000, 0x0000000741800000, 0x0000000741800000|100%| O|  |TAMS 0x0000000741800000, 0x0000000741600000| Untracked 
|   2|0x0000000741800000, 0x0000000741a00000, 0x0000000741a00000|100%| O|  |TAMS 0x0000000741a00000, 0x0000000741800000| Untracked 
|   3|0x0000000741a00000, 0x0000000741b54400, 0x0000000741c00000| 66%| O|  |TAMS 0x0000000741b54400, 0x0000000741a00000| Untracked 
|   4|0x0000000741c00000, 0x0000000741e00000, 0x0000000741e00000|100%| O|  |TAMS 0x0000000741e00000, 0x0000000741c00000| Untracked 
|   5|0x0000000741e00000, 0x0000000742000000, 0x0000000742000000|100%| O|  |TAMS 0x0000000742000000, 0x0000000741e00000| Untracked 
|   6|0x0000000742000000, 0x0000000742200000, 0x0000000742200000|100%| O|  |TAMS 0x0000000742200000, 0x0000000742000000| Untracked 
|   7|0x0000000742200000, 0x0000000742400000, 0x0000000742400000|100%| O|  |TAMS 0x0000000742400000, 0x0000000742200000| Untracked 
|   8|0x0000000742400000, 0x0000000742600000, 0x0000000742600000|100%| O|  |TAMS 0x0000000742600000, 0x0000000742400000| Untracked 
|   9|0x0000000742600000, 0x0000000742800000, 0x0000000742800000|100%| O|  |TAMS 0x0000000742800000, 0x0000000742600000| Untracked 
|  10|0x0000000742800000, 0x0000000742a00000, 0x0000000742a00000|100%| O|  |TAMS 0x0000000742a00000, 0x0000000742800000| Untracked 
|  11|0x0000000742a00000, 0x0000000742c00000, 0x0000000742c00000|100%| O|  |TAMS 0x0000000742c00000, 0x0000000742a00000| Untracked 
|  12|0x0000000742c00000, 0x0000000742e00000, 0x0000000742e00000|100%| O|  |TAMS 0x0000000742e00000, 0x0000000742c00000| Untracked 
|  13|0x0000000742e00000, 0x0000000743000000, 0x0000000743000000|100%| O|  |TAMS 0x0000000743000000, 0x0000000742e00000| Untracked 
|  14|0x0000000743000000, 0x0000000743000000, 0x0000000743200000|  0%| F|  |TAMS 0x0000000743000000, 0x0000000743000000| Untracked 
|  15|0x0000000743200000, 0x0000000743200000, 0x0000000743400000|  0%| F|  |TAMS 0x0000000743200000, 0x0000000743200000| Untracked 
|  16|0x0000000743400000, 0x0000000743600000, 0x0000000743600000|100%| O|  |TAMS 0x0000000743600000, 0x0000000743400000| Untracked 
|  17|0x0000000743600000, 0x0000000743800000, 0x0000000743800000|100%| O|  |TAMS 0x0000000743800000, 0x0000000743600000| Untracked 
|  18|0x0000000743800000, 0x0000000743a00000, 0x0000000743a00000|100%| O|  |TAMS 0x0000000743a00000, 0x0000000743800000| Untracked 
|  19|0x0000000743a00000, 0x0000000743a00000, 0x0000000743c00000|  0%| F|  |TAMS 0x0000000743a00000, 0x0000000743a00000| Untracked 
|  20|0x0000000743c00000, 0x0000000743e00000, 0x0000000743e00000|100%| O|  |TAMS 0x0000000743e00000, 0x0000000743c00000| Untracked 
|  21|0x0000000743e00000, 0x0000000743e00000, 0x0000000744000000|  0%| F|  |TAMS 0x0000000743e00000, 0x0000000743e00000| Untracked 
|  22|0x0000000744000000, 0x0000000744200000, 0x0000000744200000|100%| O|  |TAMS 0x0000000744000000, 0x0000000744000000| Untracked 
|  23|0x0000000744200000, 0x0000000744400000, 0x0000000744400000|100%| O|  |TAMS 0x0000000744200000, 0x0000000744200000| Untracked 
|  24|0x0000000744400000, 0x0000000744600000, 0x0000000744600000|100%| O|  |TAMS 0x0000000744400000, 0x0000000744400000| Untracked 
|  25|0x0000000744600000, 0x0000000744800000, 0x0000000744800000|100%| O|  |TAMS 0x0000000744600000, 0x0000000744600000| Untracked 
|  26|0x0000000744800000, 0x0000000744a00000, 0x0000000744a00000|100%| O|  |TAMS 0x0000000744800000, 0x0000000744800000| Untracked 
|  27|0x0000000744a00000, 0x0000000744c00000, 0x0000000744c00000|100%| O|  |TAMS 0x0000000744a00000, 0x0000000744a00000| Untracked 
|  28|0x0000000744c00000, 0x0000000744e00000, 0x0000000744e00000|100%| O|  |TAMS 0x0000000744c00000, 0x0000000744c00000| Untracked 
|  29|0x0000000744e00000, 0x0000000744e72000, 0x0000000745000000| 22%| O|  |TAMS 0x0000000744e00000, 0x0000000744e00000| Untracked 
|  30|0x0000000745000000, 0x0000000745000000, 0x0000000745200000|  0%| F|  |TAMS 0x0000000745000000, 0x0000000745000000| Untracked 
|  31|0x0000000745200000, 0x0000000745200000, 0x0000000745400000|  0%| F|  |TAMS 0x0000000745200000, 0x0000000745200000| Untracked 
|  32|0x0000000745400000, 0x0000000745400000, 0x0000000745600000|  0%| F|  |TAMS 0x0000000745400000, 0x0000000745400000| Untracked 
|  33|0x0000000745600000, 0x0000000745600000, 0x0000000745800000|  0%| F|  |TAMS 0x0000000745600000, 0x0000000745600000| Untracked 
|  34|0x0000000745800000, 0x0000000745800000, 0x0000000745a00000|  0%| F|  |TAMS 0x0000000745800000, 0x0000000745800000| Untracked 
|  35|0x0000000745a00000, 0x0000000745a00000, 0x0000000745c00000|  0%| F|  |TAMS 0x0000000745a00000, 0x0000000745a00000| Untracked 
|  36|0x0000000745c00000, 0x0000000745c00000, 0x0000000745e00000|  0%| F|  |TAMS 0x0000000745c00000, 0x0000000745c00000| Untracked 
|  37|0x0000000745e00000, 0x0000000745e00000, 0x0000000746000000|  0%| F|  |TAMS 0x0000000745e00000, 0x0000000745e00000| Untracked 
|  38|0x0000000746000000, 0x0000000746000000, 0x0000000746200000|  0%| F|  |TAMS 0x0000000746000000, 0x0000000746000000| Untracked 
|  39|0x0000000746200000, 0x0000000746200000, 0x0000000746400000|  0%| F|  |TAMS 0x0000000746200000, 0x0000000746200000| Untracked 
|  40|0x0000000746400000, 0x0000000746400000, 0x0000000746600000|  0%| F|  |TAMS 0x0000000746400000, 0x0000000746400000| Untracked 
|  41|0x0000000746600000, 0x0000000746600000, 0x0000000746800000|  0%| F|  |TAMS 0x0000000746600000, 0x0000000746600000| Untracked 
|  42|0x0000000746800000, 0x0000000746800000, 0x0000000746a00000|  0%| F|  |TAMS 0x0000000746800000, 0x0000000746800000| Untracked 
|  43|0x0000000746a00000, 0x0000000746a00000, 0x0000000746c00000|  0%| F|  |TAMS 0x0000000746a00000, 0x0000000746a00000| Untracked 
|  44|0x0000000746c00000, 0x0000000746c00000, 0x0000000746e00000|  0%| F|  |TAMS 0x0000000746c00000, 0x0000000746c00000| Untracked 
|  45|0x0000000746e00000, 0x0000000746e00000, 0x0000000747000000|  0%| F|  |TAMS 0x0000000746e00000, 0x0000000746e00000| Untracked 
|  46|0x0000000747000000, 0x0000000747000000, 0x0000000747200000|  0%| F|  |TAMS 0x0000000747000000, 0x0000000747000000| Untracked 
|  47|0x0000000747200000, 0x0000000747200000, 0x0000000747400000|  0%| F|  |TAMS 0x0000000747200000, 0x0000000747200000| Untracked 
|  48|0x0000000747400000, 0x0000000747400000, 0x0000000747600000|  0%| F|  |TAMS 0x0000000747400000, 0x0000000747400000| Untracked 
|  49|0x0000000747600000, 0x0000000747600000, 0x0000000747800000|  0%| F|  |TAMS 0x0000000747600000, 0x0000000747600000| Untracked 
|  50|0x0000000747800000, 0x0000000747800000, 0x0000000747a00000|  0%| F|  |TAMS 0x0000000747800000, 0x0000000747800000| Untracked 
|  51|0x0000000747a00000, 0x0000000747a00000, 0x0000000747c00000|  0%| F|  |TAMS 0x0000000747a00000, 0x0000000747a00000| Untracked 
|  52|0x0000000747c00000, 0x0000000747c00000, 0x0000000747e00000|  0%| F|  |TAMS 0x0000000747c00000, 0x0000000747c00000| Untracked 
|  53|0x0000000747e00000, 0x0000000747e00000, 0x0000000748000000|  0%| F|  |TAMS 0x0000000747e00000, 0x0000000747e00000| Untracked 
|  54|0x0000000748000000, 0x0000000748000000, 0x0000000748200000|  0%| F|  |TAMS 0x0000000748000000, 0x0000000748000000| Untracked 
|  55|0x0000000748200000, 0x0000000748200000, 0x0000000748400000|  0%| F|  |TAMS 0x0000000748200000, 0x0000000748200000| Untracked 
|  56|0x0000000748400000, 0x0000000748400000, 0x0000000748600000|  0%| F|  |TAMS 0x0000000748400000, 0x0000000748400000| Untracked 
|  57|0x0000000748600000, 0x0000000748600000, 0x0000000748800000|  0%| F|  |TAMS 0x0000000748600000, 0x0000000748600000| Untracked 
|  58|0x0000000748800000, 0x0000000748800000, 0x0000000748a00000|  0%| F|  |TAMS 0x0000000748800000, 0x0000000748800000| Untracked 
|  59|0x0000000748a00000, 0x0000000748a00000, 0x0000000748c00000|  0%| F|  |TAMS 0x0000000748a00000, 0x0000000748a00000| Untracked 
|  60|0x0000000748c00000, 0x0000000748c00000, 0x0000000748e00000|  0%| F|  |TAMS 0x0000000748c00000, 0x0000000748c00000| Untracked 
|  61|0x0000000748e00000, 0x0000000748e00000, 0x0000000749000000|  0%| F|  |TAMS 0x0000000748e00000, 0x0000000748e00000| Untracked 
|  62|0x0000000749000000, 0x0000000749000000, 0x0000000749200000|  0%| F|  |TAMS 0x0000000749000000, 0x0000000749000000| Untracked 
|  63|0x0000000749200000, 0x00000007492c8c20, 0x0000000749400000| 39%| S|CS|TAMS 0x0000000749200000, 0x0000000749200000| Complete 
|  95|0x000000074d200000, 0x000000074d200000, 0x000000074d400000|  0%| F|  |TAMS 0x000000074d200000, 0x000000074d200000| Untracked 

Card table byte_map: [0x00000213e5150000,0x00000213e5750000] _byte_map_base: 0x00000213e1746000

Marking Bits (Prev, Next): (CMBitMap*) 0x00000213ce2ffb40, (CMBitMap*) 0x00000213ce2ffb80
 Prev Bits: [0x00000213e5d50000, 0x00000213e8d00000)
 Next Bits: [0x00000213e8d00000, 0x00000213ebcb0000)

Polling page: 0x00000213cc090000

Metaspace:

Usage:
  Non-class:     55.29 MB used.
      Class:      8.76 MB used.
       Both:     64.05 MB used.

Virtual space:
  Non-class space:       64.00 MB reserved,      55.56 MB ( 87%) committed,  1 nodes.
      Class space:        1.00 GB reserved,       9.00 MB ( <1%) committed,  1 nodes.
             Both:        1.06 GB reserved,      64.56 MB (  6%) committed. 

Chunk freelists:
   Non-Class:  8.17 MB
       Class:  6.98 MB
        Both:  15.15 MB

MaxMetaspaceSize: unlimited
CompressedClassSpaceSize: 1.00 GB
Initial GC threshold: 21.00 MB
Current GC threshold: 107.50 MB
CDS: on
MetaspaceReclaimPolicy: balanced
 - commit_granule_bytes: 65536.
 - commit_granule_words: 8192.
 - virtual_space_node_default_size: 8388608.
 - enlarge_chunks_in_place: 1.
 - new_chunks_are_fully_committed: 0.
 - uncommit_free_chunks: 1.
 - use_allocation_guard: 0.
 - handle_deallocations: 1.


Internal statistics:

num_allocs_failed_limit: 9.
num_arena_births: 720.
num_arena_deaths: 0.
num_vsnodes_births: 2.
num_vsnodes_deaths: 0.
num_space_committed: 1033.
num_space_uncommitted: 0.
num_chunks_returned_to_freelist: 9.
num_chunks_taken_from_freelist: 3177.
num_chunk_merges: 6.
num_chunk_splits: 2279.
num_chunks_enlarged: 1774.
num_purges: 0.
num_inconsistent_stats: 0.

CodeHeap 'non-profiled nmethods': size=120000Kb used=3951Kb max_used=3951Kb free=116048Kb
 bounds [0x00000213dd620000, 0x00000213dda00000, 0x00000213e4b50000]
CodeHeap 'profiled nmethods': size=120000Kb used=12821Kb max_used=12821Kb free=107178Kb
 bounds [0x00000213d5b50000, 0x00000213d67e0000, 0x00000213dd080000]
CodeHeap 'non-nmethods': size=5760Kb used=1322Kb max_used=1420Kb free=4437Kb
 bounds [0x00000213dd080000, 0x00000213dd2f0000, 0x00000213dd620000]
 total_blobs=6829 nmethods=6176 adapters=564
 compilation: enabled
              stopped_count=0, restarted_count=0
 full_count=0

Compilation events (20 events):
Event: 18.566 Thread 0x00000213ee1a7090 6863       3       nonapi.io.github.classgraph.fileslice.Slice::open (30 bytes)
Event: 18.567 Thread 0x00000213ee1a7090 nmethod 6863 0x00000213d67d1910 code [0x00000213d67d1ae0, 0x00000213d67d1e38]
Event: 18.571 Thread 0x00000213ee1a7090 6864   !   3       java.io.RandomAccessFile::getChannel (84 bytes)
Event: 18.571 Thread 0x00000213ee1a7090 nmethod 6864 0x00000213d67d1f90 code [0x00000213d67d2180, 0x00000213d67d2648]
Event: 18.572 Thread 0x00000213ee1a7090 6865       3       nonapi.io.github.classgraph.fastzipfilereader.NestedJarHandler::markSliceAsOpen (12 bytes)
Event: 18.572 Thread 0x00000213ee1a7090 nmethod 6865 0x00000213d67d2910 code [0x00000213d67d2ac0, 0x00000213d67d2ca8]
Event: 18.572 Thread 0x00000213ee1a7090 6866       3       nonapi.io.github.classgraph.fastzipfilereader.ZipFileSlice::<init> (31 bytes)
Event: 18.572 Thread 0x00000213ee1a7090 nmethod 6866 0x00000213d67d2d90 code [0x00000213d67d2f40, 0x00000213d67d3238]
Event: 18.572 Thread 0x00000213ee1a7090 6867       3       nonapi.io.github.classgraph.fastzipfilereader.NestedJarHandler$3::newInstance (10 bytes)
Event: 18.573 Thread 0x00000213ee1a7090 nmethod 6867 0x00000213d67d3310 code [0x00000213d67d34c0, 0x00000213d67d3708]
Event: 18.573 Thread 0x00000213ee1a7090 6868       3       nonapi.io.github.classgraph.fastzipfilereader.LogicalZipFile::<init> (26 bytes)
Event: 18.573 Thread 0x00000213f4d144a0 nmethod 6823 0x00000213dd9f7990 code [0x00000213dd9f7ca0, 0x00000213dd9fa5b8]
Event: 18.574 Thread 0x00000213ee1a7090 nmethod 6868 0x00000213d67d3810 code [0x00000213d67d3a00, 0x00000213d67d3e68]
Event: 18.574 Thread 0x00000213ee1a7090 6869   !   3       nonapi.io.github.classgraph.fileslice.FileSlice::load (178 bytes)
Event: 18.574 Thread 0x00000213f4d144a0 6844       4       java.io.WinNTFileSystem::normalize (224 bytes)
Event: 18.575 Thread 0x00000213ee1a7090 nmethod 6869 0x00000213d67d4010 code [0x00000213d67d42a0, 0x00000213d67d4f68]
Event: 18.575 Thread 0x00000213ee1a7090 6870       3       nonapi.io.github.classgraph.fileslice.Slice::open (6 bytes)
Event: 18.576 Thread 0x00000213ee1a7090 nmethod 6870 0x00000213d67d5390 code [0x00000213d67d5540, 0x00000213d67d5708]
Event: 18.577 Thread 0x00000213ee1a7090 6871       3       nonapi.io.github.classgraph.fastzipfilereader.ZipFileSlice::<init> (37 bytes)
Event: 18.577 Thread 0x00000213ee1a7090 nmethod 6871 0x00000213d67d5810 code [0x00000213d67d59c0, 0x00000213d67d5cd8]

GC Heap History (20 events):
Event: 10.821 GC heap after
{Heap after GC invocations=11 (full 0):
 garbage-first heap   total 73728K, used 23308K [0x0000000741400000, 0x0000000800000000)
  region size 2048K, 2 young (4096K), 2 survivors (4096K)
 Metaspace       used 42907K, committed 43328K, reserved 1114112K
  class space    used 5793K, committed 5952K, reserved 1048576K
}
Event: 12.202 GC heap before
{Heap before GC invocations=11 (full 0):
 garbage-first heap   total 73728K, used 51980K [0x0000000741400000, 0x0000000800000000)
  region size 2048K, 17 young (34816K), 2 survivors (4096K)
 Metaspace       used 50325K, committed 50816K, reserved 1114112K
  class space    used 6862K, committed 7104K, reserved 1048576K
}
Event: 12.217 GC heap after
{Heap after GC invocations=12 (full 0):
 garbage-first heap   total 73728K, used 24922K [0x0000000741400000, 0x0000000800000000)
  region size 2048K, 3 young (6144K), 3 survivors (6144K)
 Metaspace       used 50325K, committed 50816K, reserved 1114112K
  class space    used 6862K, committed 7104K, reserved 1048576K
}
Event: 13.403 GC heap before
{Heap before GC invocations=12 (full 0):
 garbage-first heap   total 73728K, used 53594K [0x0000000741400000, 0x0000000800000000)
  region size 2048K, 17 young (34816K), 3 survivors (6144K)
 Metaspace       used 55331K, committed 55872K, reserved 1114112K
  class space    used 7671K, committed 7936K, reserved 1048576K
}
Event: 13.418 GC heap after
{Heap after GC invocations=13 (full 0):
 garbage-first heap   total 73728K, used 26399K [0x0000000741400000, 0x0000000800000000)
  region size 2048K, 2 young (4096K), 2 survivors (4096K)
 Metaspace       used 55331K, committed 55872K, reserved 1114112K
  class space    used 7671K, committed 7936K, reserved 1048576K
}
Event: 14.653 GC heap before
{Heap before GC invocations=13 (full 0):
 garbage-first heap   total 73728K, used 53023K [0x0000000741400000, 0x0000000800000000)
  region size 2048K, 16 young (32768K), 2 survivors (4096K)
 Metaspace       used 59684K, committed 60160K, reserved 1114112K
  class space    used 8223K, committed 8448K, reserved 1048576K
}
Event: 14.669 GC heap after
{Heap after GC invocations=14 (full 0):
 garbage-first heap   total 73728K, used 28466K [0x0000000741400000, 0x0000000800000000)
  region size 2048K, 2 young (4096K), 2 survivors (4096K)
 Metaspace       used 59684K, committed 60160K, reserved 1114112K
  class space    used 8223K, committed 8448K, reserved 1048576K
}
Event: 15.768 GC heap before
{Heap before GC invocations=15 (full 0):
 garbage-first heap   total 73728K, used 57138K [0x0000000741400000, 0x0000000800000000)
  region size 2048K, 16 young (32768K), 2 survivors (4096K)
 Metaspace       used 62627K, committed 63104K, reserved 1114112K
  class space    used 8658K, committed 8896K, reserved 1048576K
}
Event: 15.790 GC heap after
{Heap after GC invocations=16 (full 0):
 garbage-first heap   total 73728K, used 30366K [0x0000000741400000, 0x0000000800000000)
  region size 2048K, 1 young (2048K), 1 survivors (2048K)
 Metaspace       used 62627K, committed 63104K, reserved 1114112K
  class space    used 8658K, committed 8896K, reserved 1048576K
}
Event: 16.746 GC heap before
{Heap before GC invocations=16 (full 0):
 garbage-first heap   total 73728K, used 54942K [0x0000000741400000, 0x0000000800000000)
  region size 2048K, 14 young (28672K), 1 survivors (2048K)
 Metaspace       used 65209K, committed 65664K, reserved 1114112K
  class space    used 8955K, committed 9152K, reserved 1048576K
}
Event: 16.764 GC heap after
{Heap after GC invocations=17 (full 0):
 garbage-first heap   total 90112K, used 34690K [0x0000000741400000, 0x0000000800000000)
  region size 2048K, 2 young (4096K), 2 survivors (4096K)
 Metaspace       used 65209K, committed 65664K, reserved 1114112K
  class space    used 8955K, committed 9152K, reserved 1048576K
}
Event: 17.444 GC heap before
{Heap before GC invocations=17 (full 0):
 garbage-first heap   total 90112K, used 65410K [0x0000000741400000, 0x0000000800000000)
  region size 2048K, 18 young (36864K), 2 survivors (4096K)
 Metaspace       used 65352K, committed 65856K, reserved 1114112K
  class space    used 8958K, committed 9152K, reserved 1048576K
}
Event: 17.471 GC heap after
{Heap after GC invocations=18 (full 0):
 garbage-first heap   total 90112K, used 41986K [0x0000000741400000, 0x0000000800000000)
  region size 2048K, 3 young (6144K), 3 survivors (6144K)
 Metaspace       used 65352K, committed 65856K, reserved 1114112K
  class space    used 8958K, committed 9152K, reserved 1048576K
}
Event: 17.875 GC heap before
{Heap before GC invocations=18 (full 0):
 garbage-first heap   total 90112K, used 64514K [0x0000000741400000, 0x0000000800000000)
  region size 2048K, 15 young (30720K), 3 survivors (6144K)
 Metaspace       used 65497K, committed 66048K, reserved 1114112K
  class space    used 8969K, committed 9216K, reserved 1048576K
}
Event: 17.899 GC heap after
{Heap after GC invocations=19 (full 0):
 garbage-first heap   total 90112K, used 48465K [0x0000000741400000, 0x0000000800000000)
  region size 2048K, 2 young (4096K), 2 survivors (4096K)
 Metaspace       used 65497K, committed 66048K, reserved 1114112K
  class space    used 8969K, committed 9216K, reserved 1048576K
}
Event: 18.207 GC heap before
{Heap before GC invocations=19 (full 0):
 garbage-first heap   total 90112K, used 64849K [0x0000000741400000, 0x0000000800000000)
  region size 2048K, 11 young (22528K), 2 survivors (4096K)
 Metaspace       used 65534K, committed 66048K, reserved 1114112K
  class space    used 8970K, committed 9216K, reserved 1048576K
}
Event: 18.220 GC heap after
{Heap after GC invocations=20 (full 0):
 garbage-first heap   total 90112K, used 53275K [0x0000000741400000, 0x0000000800000000)
  region size 2048K, 2 young (4096K), 2 survivors (4096K)
 Metaspace       used 65534K, committed 66048K, reserved 1114112K
  class space    used 8970K, committed 9216K, reserved 1048576K
}
Event: 18.536 GC heap before
{Heap before GC invocations=21 (full 0):
 garbage-first heap   total 112640K, used 67611K [0x0000000741400000, 0x0000000800000000)
  region size 2048K, 9 young (18432K), 2 survivors (4096K)
 Metaspace       used 65585K, committed 66112K, reserved 1114112K
  class space    used 8970K, committed 9216K, reserved 1048576K
}
Event: 18.558 GC heap after
{Heap after GC invocations=22 (full 0):
 garbage-first heap   total 112640K, used 58102K [0x0000000741400000, 0x0000000800000000)
  region size 2048K, 2 young (4096K), 2 survivors (4096K)
 Metaspace       used 65585K, committed 66112K, reserved 1114112K
  class space    used 8970K, committed 9216K, reserved 1048576K
}
Event: 18.579 GC heap before
{Heap before GC invocations=22 (full 0):
 garbage-first heap   total 112640K, used 58102K [0x0000000741400000, 0x0000000800000000)
  region size 2048K, 3 young (6144K), 2 survivors (4096K)
 Metaspace       used 65591K, committed 66112K, reserved 1114112K
  class space    used 8970K, committed 9216K, reserved 1048576K
}

Deoptimization events (20 events):
Event: 18.291 Thread 0x00000213f5c25eb0 DEOPT PACKING pc=0x00000213d66eecf1 sp=0x000000bb9a0fecc0
Event: 18.291 Thread 0x00000213f5c25eb0 DEOPT UNPACKING pc=0x00000213dd0d2b43 sp=0x000000bb9a0fe218 mode 0
Event: 18.291 Thread 0x00000213f5c25eb0 DEOPT PACKING pc=0x00000213d5fec3f9 sp=0x000000bb9a0feab0
Event: 18.291 Thread 0x00000213f5c25eb0 DEOPT UNPACKING pc=0x00000213dd0d2b43 sp=0x000000bb9a0fdfa8 mode 0
Event: 18.351 Thread 0x00000213ee40bfd0 Uncommon trap: trap_request=0xffffffde fr.pc=0x00000213dd7af0f4 relative=0x00000000000004d4
Event: 18.351 Thread 0x00000213ee40bfd0 Uncommon trap: reason=class_check action=maybe_recompile pc=0x00000213dd7af0f4 method=jdk.internal.ref.PhantomCleanable.clean()V @ 12 c2
Event: 18.351 Thread 0x00000213ee40bfd0 DEOPT PACKING pc=0x00000213dd7af0f4 sp=0x000000bb996ff440
Event: 18.351 Thread 0x00000213ee40bfd0 DEOPT UNPACKING pc=0x00000213dd0d23a3 sp=0x000000bb996ff420 mode 2
Event: 18.432 Thread 0x00000213ce2a7000 Uncommon trap: trap_request=0xffffffde fr.pc=0x00000213dd749e74 relative=0x0000000000001234
Event: 18.433 Thread 0x00000213ce2a7000 Uncommon trap: reason=class_check action=maybe_recompile pc=0x00000213dd749e74 method=java.util.Properties$LineReader.readLine()I @ 479 c2
Event: 18.433 Thread 0x00000213ce2a7000 DEOPT PACKING pc=0x00000213dd749e74 sp=0x000000bb984f7bd0
Event: 18.433 Thread 0x00000213ce2a7000 DEOPT UNPACKING pc=0x00000213dd0d23a3 sp=0x000000bb984f7b78 mode 2
Event: 18.462 Thread 0x00000213ce2a7000 DEOPT PACKING pc=0x00000213d5bc110b sp=0x000000bb984f75d0
Event: 18.462 Thread 0x00000213ce2a7000 DEOPT UNPACKING pc=0x00000213dd0d2b43 sp=0x000000bb984f6af0 mode 0
Event: 18.462 Thread 0x00000213ce2a7000 Uncommon trap: trap_request=0xffffff45 fr.pc=0x00000213dd637b64 relative=0x0000000000000064
Event: 18.462 Thread 0x00000213ce2a7000 Uncommon trap: reason=unstable_if action=reinterpret pc=0x00000213dd637b64 method=java.io.WinNTFileSystem.isSlash(C)Z @ 9 c2
Event: 18.462 Thread 0x00000213ce2a7000 DEOPT PACKING pc=0x00000213dd637b64 sp=0x000000bb984f75f0
Event: 18.462 Thread 0x00000213ce2a7000 DEOPT UNPACKING pc=0x00000213dd0d23a3 sp=0x000000bb984f7578 mode 2
Event: 18.524 Thread 0x00000213f5c25510 DEOPT PACKING pc=0x00000213d5bc110b sp=0x000000bb9a2fecc0
Event: 18.524 Thread 0x00000213f5c25510 DEOPT UNPACKING pc=0x00000213dd0d2b43 sp=0x000000bb9a2fe1e0 mode 0

Classes unloaded (0 events):
No events

Classes redefined (0 events):
No events

Internal exceptions (20 events):
Event: 18.500 Thread 0x00000213f5c276c0 Exception <a 'sun/nio/fs/WindowsException'{0x000000074778e9a0}> (0x000000074778e9a0) 
thrown [s\open\src\hotspot\share\prims\jni.cpp, line 516]
Event: 18.501 Thread 0x00000213f5c276c0 Exception <a 'sun/nio/fs/WindowsException'{0x000000074778ecc8}> (0x000000074778ecc8) 
thrown [s\open\src\hotspot\share\prims\jni.cpp, line 516]
Event: 18.501 Thread 0x00000213f5c276c0 Exception <a 'sun/nio/fs/WindowsException'{0x000000074778f658}> (0x000000074778f658) 
thrown [s\open\src\hotspot\share\prims\jni.cpp, line 516]
Event: 18.501 Thread 0x00000213f5c276c0 Exception <a 'sun/nio/fs/WindowsException'{0x000000074778f9b8}> (0x000000074778f9b8) 
thrown [s\open\src\hotspot\share\prims\jni.cpp, line 516]
Event: 18.501 Thread 0x00000213f5c276c0 Exception <a 'sun/nio/fs/WindowsException'{0x0000000747790320}> (0x0000000747790320) 
thrown [s\open\src\hotspot\share\prims\jni.cpp, line 516]
Event: 18.501 Thread 0x00000213f5c276c0 Exception <a 'sun/nio/fs/WindowsException'{0x0000000747790650}> (0x0000000747790650) 
thrown [s\open\src\hotspot\share\prims\jni.cpp, line 516]
Event: 18.501 Thread 0x00000213f5c276c0 Exception <a 'sun/nio/fs/WindowsException'{0x0000000747790f90}> (0x0000000747790f90) 
thrown [s\open\src\hotspot\share\prims\jni.cpp, line 516]
Event: 18.501 Thread 0x00000213f5c276c0 Exception <a 'sun/nio/fs/WindowsException'{0x0000000747791288}> (0x0000000747791288) 
thrown [s\open\src\hotspot\share\prims\jni.cpp, line 516]
Event: 18.502 Thread 0x00000213f5c276c0 Exception <a 'sun/nio/fs/WindowsException'{0x0000000747791bd0}> (0x0000000747791bd0) 
thrown [s\open\src\hotspot\share\prims\jni.cpp, line 516]
Event: 18.502 Thread 0x00000213f5c276c0 Exception <a 'sun/nio/fs/WindowsException'{0x0000000747791ee0}> (0x0000000747791ee0) 
thrown [s\open\src\hotspot\share\prims\jni.cpp, line 516]
Event: 18.502 Thread 0x00000213f5c276c0 Exception <a 'sun/nio/fs/WindowsException'{0x0000000747792a78}> (0x0000000747792a78) 
thrown [s\open\src\hotspot\share\prims\jni.cpp, line 516]
Event: 18.502 Thread 0x00000213f5c276c0 Exception <a 'sun/nio/fs/WindowsException'{0x0000000747792d78}> (0x0000000747792d78) 
thrown [s\open\src\hotspot\share\prims\jni.cpp, line 516]
Event: 18.502 Thread 0x00000213f5c276c0 Exception <a 'sun/nio/fs/WindowsException'{0x00000007477936c0}> (0x00000007477936c0) 
thrown [s\open\src\hotspot\share\prims\jni.cpp, line 516]
Event: 18.502 Thread 0x00000213f5c276c0 Exception <a 'sun/nio/fs/WindowsException'{0x00000007477939d0}> (0x00000007477939d0) 
thrown [s\open\src\hotspot\share\prims\jni.cpp, line 516]
Event: 18.502 Thread 0x00000213f5c276c0 Exception <a 'sun/nio/fs/WindowsException'{0x0000000747794338}> (0x0000000747794338) 
thrown [s\open\src\hotspot\share\prims\jni.cpp, line 516]
Event: 18.502 Thread 0x00000213f5c276c0 Exception <a 'sun/nio/fs/WindowsException'{0x0000000747794668}> (0x0000000747794668) 
thrown [s\open\src\hotspot\share\prims\jni.cpp, line 516]
Event: 18.503 Thread 0x00000213f5c276c0 Exception <a 'sun/nio/fs/WindowsException'{0x0000000747794fe0}> (0x0000000747794fe0) 
thrown [s\open\src\hotspot\share\prims\jni.cpp, line 516]
Event: 18.503 Thread 0x00000213f5c276c0 Exception <a 'sun/nio/fs/WindowsException'{0x0000000747795328}> (0x0000000747795328) 
thrown [s\open\src\hotspot\share\prims\jni.cpp, line 516]
Event: 18.503 Thread 0x00000213f5c276c0 Exception <a 'sun/nio/fs/WindowsException'{0x0000000747795c98}> (0x0000000747795c98) 
thrown [s\open\src\hotspot\share\prims\jni.cpp, line 516]
Event: 18.504 Thread 0x00000213f5c276c0 Exception <a 'sun/nio/fs/WindowsException'{0x0000000747795fd8}> (0x0000000747795fd8) 
thrown [s\open\src\hotspot\share\prims\jni.cpp, line 516]

VM Operations (20 events):
Event: 17.412 Executing VM operation: HandshakeAllThreads done
Event: 17.412 Executing VM operation: HandshakeAllThreads
Event: 17.412 Executing VM operation: HandshakeAllThreads done
Event: 17.444 Executing VM operation: G1CollectForAllocation
Event: 17.498 Executing VM operation: G1CollectForAllocation done
Event: 17.531 Executing VM operation: HandshakeAllThreads
Event: 17.531 Executing VM operation: HandshakeAllThreads done
Event: 17.547 Executing VM operation: HandshakeAllThreads
Event: 17.547 Executing VM operation: HandshakeAllThreads done
Event: 17.875 Executing VM operation: G1CollectForAllocation
Event: 17.899 Executing VM operation: G1CollectForAllocation done
Event: 18.207 Executing VM operation: G1CollectForAllocation
Event: 18.221 Executing VM operation: G1CollectForAllocation done
Event: 18.340 Executing VM operation: G1Concurrent
Event: 18.351 Executing VM operation: G1Concurrent done
Event: 18.411 Executing VM operation: G1Concurrent
Event: 18.430 Executing VM operation: G1Concurrent done
Event: 18.531 Executing VM operation: G1CollectForAllocation
Event: 18.562 Executing VM operation: G1CollectForAllocation done
Event: 18.579 Executing VM operation: G1CollectForAllocation

Events (20 events):
Event: 18.352 Thread 0x00000213f5c25eb0 Thread added: 0x00000213f5c25eb0
Event: 18.352 Thread 0x00000213f5c276c0 Thread added: 0x00000213f5c276c0
Event: 18.352 Thread 0x00000213f5c28060 Thread added: 0x00000213f5c28060
Event: 18.352 Thread 0x00000213f5c26380 Thread added: 0x00000213f5c26380
Event: 18.432 Thread 0x00000213f5c25eb0 Thread exited: 0x00000213f5c25eb0
Event: 18.432 Thread 0x00000213f5c25510 Thread exited: 0x00000213f5c25510
Event: 18.432 Thread 0x00000213f5c276c0 Thread exited: 0x00000213f5c276c0
Event: 18.432 Thread 0x00000213f5c25040 Thread exited: 0x00000213f5c25040
Event: 18.432 Thread 0x00000213f5c26d20 Thread exited: 0x00000213f5c26d20
Event: 18.432 Thread 0x00000213f5c26380 Thread exited: 0x00000213f5c26380
Event: 18.432 Thread 0x00000213f5c259e0 Thread exited: 0x00000213f5c259e0
Event: 18.432 Thread 0x00000213f5c28060 Thread exited: 0x00000213f5c28060
Event: 18.482 Thread 0x00000213f5c276c0 Thread added: 0x00000213f5c276c0
Event: 18.487 Thread 0x00000213f5c259e0 Thread added: 0x00000213f5c259e0
Event: 18.487 Thread 0x00000213f5c25510 Thread added: 0x00000213f5c25510
Event: 18.487 Thread 0x00000213f5c26380 Thread added: 0x00000213f5c26380
Event: 18.487 Thread 0x00000213f5c28060 Thread added: 0x00000213f5c28060
Event: 18.488 Thread 0x00000213f5c25eb0 Thread added: 0x00000213f5c25eb0
Event: 18.488 Thread 0x00000213f5c26d20 Thread added: 0x00000213f5c26d20
Event: 18.488 Thread 0x00000213f5c25040 Thread added: 0x00000213f5c25040


Dynamic libraries:
0x00007ff67a300000 - 0x00007ff67a310000 	C:\Program Files\Java\jdk-17\bin\java.exe
0x00007fff2bdd0000 - 0x00007fff2bfc8000 	C:\Windows\SYSTEM32\ntdll.dll
0x00007fff2a150000 - 0x00007fff2a212000 	C:\Windows\System32\KERNEL32.DLL
0x00007fff29940000 - 0x00007fff29c3e000 	C:\Windows\System32\KERNELBASE.dll
0x00007fff297a0000 - 0x00007fff298a0000 	C:\Windows\System32\ucrtbase.dll
0x00007ffeffd30000 - 0x00007ffeffd49000 	C:\Program Files\Java\jdk-17\bin\jli.dll
0x00007fff2b800000 - 0x00007fff2b8b1000 	C:\Windows\System32\ADVAPI32.dll
0x00007ffeedf90000 - 0x00007ffeedfab000 	C:\Program Files\Java\jdk-17\bin\VCRUNTIME140.dll
0x00007fff2b990000 - 0x00007fff2ba2e000 	C:\Windows\System32\msvcrt.dll
0x00007fff2a4a0000 - 0x00007fff2a53f000 	C:\Windows\System32\sechost.dll
0x00007fff2b020000 - 0x00007fff2b143000 	C:\Windows\System32\RPCRT4.dll
0x00007fff29630000 - 0x00007fff29657000 	C:\Windows\System32\bcrypt.dll
0x00007fff2ae80000 - 0x00007fff2b01d000 	C:\Windows\System32\USER32.dll
0x00007fff29590000 - 0x00007fff295b2000 	C:\Windows\System32\win32u.dll
0x00007fff14f40000 - 0x00007fff151da000 	C:\Windows\WinSxS\amd64_microsoft.windows.common-controls_6595b64144ccf1df_6.0.19041.4355_none_60b8b9eb71f62e16\COMCTL32.dll
0x00007fff2b7d0000 - 0x00007fff2b7fb000 	C:\Windows\System32\GDI32.dll
0x00007fff29470000 - 0x00007fff29587000 	C:\Windows\System32\gdi32full.dll
0x00007fff298a0000 - 0x00007fff2993d000 	C:\Windows\System32\msvcp_win.dll
0x00007fff20990000 - 0x00007fff2099a000 	C:\Windows\SYSTEM32\VERSION.dll
0x00007fff2a360000 - 0x00007fff2a38f000 	C:\Windows\System32\IMM32.DLL
0x00007fff11ca0000 - 0x00007fff11cac000 	C:\Program Files\Java\jdk-17\bin\vcruntime140_1.dll
0x00007ffed6b70000 - 0x00007ffed6bfe000 	C:\Program Files\Java\jdk-17\bin\msvcp140.dll
0x00007ffeceeb0000 - 0x00007ffecfa8e000 	C:\Program Files\Java\jdk-17\bin\server\jvm.dll
0x00007fff2b7c0000 - 0x00007fff2b7c8000 	C:\Windows\System32\PSAPI.DLL
0x00007fff127b0000 - 0x00007fff127d7000 	C:\Windows\SYSTEM32\WINMM.dll
0x00007fff0b0a0000 - 0x00007fff0b0a9000 	C:\Windows\SYSTEM32\WSOCK32.dll
0x00007fff29e50000 - 0x00007fff29ebb000 	C:\Windows\System32\ws2_32.DLL
0x00007fff27ca0000 - 0x00007fff27cb2000 	C:\Windows\SYSTEM32\kernel.appcore.dll
0x00007ffeed370000 - 0x00007ffeed37a000 	C:\Program Files\Java\jdk-17\bin\jimage.dll
0x00007fff271b0000 - 0x00007fff27394000 	C:\Windows\SYSTEM32\DBGHELP.DLL
0x00007fff0b380000 - 0x00007fff0b3b4000 	C:\Windows\SYSTEM32\dbgcore.DLL
0x00007fff29710000 - 0x00007fff29792000 	C:\Windows\System32\bcryptPrimitives.dll
0x00007ffedf820000 - 0x00007ffedf845000 	C:\Program Files\Java\jdk-17\bin\java.dll
0x00007ffed4a10000 - 0x00007ffed4ae7000 	C:\Program Files\Java\jdk-17\bin\jsvml.dll
0x00007fff2a560000 - 0x00007fff2accd000 	C:\Windows\System32\SHELL32.dll
0x00007fff27490000 - 0x00007fff27c34000 	C:\Windows\SYSTEM32\windows.storage.dll
0x00007fff2ba30000 - 0x00007fff2bd83000 	C:\Windows\System32\combase.dll
0x00007fff28dc0000 - 0x00007fff28dee000 	C:\Windows\SYSTEM32\Wldp.dll
0x00007fff2b8c0000 - 0x00007fff2b98d000 	C:\Windows\System32\OLEAUT32.dll
0x00007fff2b6b0000 - 0x00007fff2b75d000 	C:\Windows\System32\SHCORE.dll
0x00007fff2a440000 - 0x00007fff2a495000 	C:\Windows\System32\shlwapi.dll
0x00007fff293a0000 - 0x00007fff293c4000 	C:\Windows\SYSTEM32\profapi.dll
0x00007ffee0650000 - 0x00007ffee0669000 	C:\Program Files\Java\jdk-17\bin\net.dll
0x00007fff1df60000 - 0x00007fff1e06d000 	C:\Windows\SYSTEM32\WINHTTP.dll
0x00007fff28ba0000 - 0x00007fff28c0a000 	C:\Windows\system32\mswsock.dll
0x00007ffeddc00000 - 0x00007ffeddc16000 	C:\Program Files\Java\jdk-17\bin\nio.dll
0x00007ffeddbe0000 - 0x00007ffeddbf8000 	C:\Program Files\Java\jdk-17\bin\zip.dll
0x00007ffee9f20000 - 0x00007ffee9f2a000 	C:\Program Files\Java\jdk-17\bin\management.dll
0x00007ffee9e20000 - 0x00007ffee9e2b000 	C:\Program Files\Java\jdk-17\bin\management_ext.dll
0x00007ffee4940000 - 0x00007ffee494e000 	C:\Program Files\Java\jdk-17\bin\sunmscapi.dll
0x00007fff29c40000 - 0x00007fff29d9c000 	C:\Windows\System32\CRYPT32.dll
0x00007fff28e80000 - 0x00007fff28ea7000 	C:\Windows\SYSTEM32\ncrypt.dll
0x00007fff28e40000 - 0x00007fff28e7b000 	C:\Windows\SYSTEM32\NTASN1.dll
0x00007fff28e00000 - 0x00007fff28e18000 	C:\Windows\SYSTEM32\CRYPTSP.dll
0x00007fff28410000 - 0x00007fff28444000 	C:\Windows\system32\rsaenh.dll
0x00007fff29360000 - 0x00007fff2938e000 	C:\Windows\SYSTEM32\USERENV.dll
0x00007fff28d30000 - 0x00007fff28d3c000 	C:\Windows\SYSTEM32\CRYPTBASE.dll
0x00007fff28830000 - 0x00007fff2886b000 	C:\Windows\SYSTEM32\IPHLPAPI.DLL
0x00007fff2a350000 - 0x00007fff2a358000 	C:\Windows\System32\NSI.dll
0x00007fff20b90000 - 0x00007fff20ba7000 	C:\Windows\SYSTEM32\dhcpcsvc6.DLL
0x00007fff20c80000 - 0x00007fff20c9d000 	C:\Windows\SYSTEM32\dhcpcsvc.DLL
0x00007fff28870000 - 0x00007fff2893a000 	C:\Windows\SYSTEM32\DNSAPI.dll
0x00007ffeecc80000 - 0x00007ffeecc90000 	C:\Program Files\Java\jdk-17\bin\verify.dll
0x00007fff21100000 - 0x00007fff2110a000 	C:\Windows\System32\rasadhlp.dll
0x00007fff17d30000 - 0x00007fff17db0000 	C:\Windows\System32\fwpuclnt.dll

dbghelp: loaded successfully - version: 4.0.5 - missing functions: none
symbol engine: initialized successfully - sym options: 0x614 - pdb path: .;C:\Program Files\Java\jdk-17\bin;C:\Windows\SYSTEM32;C:\Windows\WinSxS\amd64_microsoft.windows.common-controls_6595b64144ccf1df_6.0.19041.4355_none_60b8b9eb71f62e16;C:\Program Files\Java\jdk-17\bin\server

VM Arguments:
java_command: C:\Users\DHIA\AppData\Local\Temp\surefire308458202814970136\surefirebooter-20241108154810926_3.jar C:\Users\DHIA\AppData\Local\Temp\surefire308458202814970136 2024-11-08T15-48-10_504-jvmRun1 surefire-20241108154810926_1tmp surefire_0-20241108154810926_2tmp
java_class_path (initial): C:\Users\DHIA\AppData\Local\Temp\surefire308458202814970136\surefirebooter-20241108154810926_3.jar
Launcher Type: SUN_STANDARD

[Global flags]
     intx CICompilerCount                          = 3                                         {product} {ergonomic}
     uint ConcGCThreads                            = 1                                         {product} {ergonomic}
     uint G1ConcRefinementThreads                  = 4                                         {product} {ergonomic}
   size_t G1HeapRegionSize                         = 2097152                                   {product} {ergonomic}
    uintx GCDrainStackTargetSize                   = 64                                        {product} {ergonomic}
   size_t InitialHeapSize                          = 201326592                                 {product} {ergonomic}
   size_t MarkStackSize                            = 4194304                                   {product} {ergonomic}
   size_t MaxHeapSize                              = 3200253952                                {product} {ergonomic}
   size_t MaxNewSize                               = 1918894080                                {product} {ergonomic}
   size_t MinHeapDeltaBytes                        = 2097152                                   {product} {ergonomic}
   size_t MinHeapSize                              = 8388608                                   {product} {ergonomic}
    uintx NonNMethodCodeHeapSize                   = 5832780                                {pd product} {ergonomic}
    uintx NonProfiledCodeHeapSize                  = 122912730                              {pd product} {ergonomic}
    uintx ProfiledCodeHeapSize                     = 122912730                              {pd product} {ergonomic}
    uintx ReservedCodeCacheSize                    = 251658240                              {pd product} {ergonomic}
     bool SegmentedCodeCache                       = true                                      {product} {ergonomic}
   size_t SoftMaxHeapSize                          = 3200253952                             {manageable} {ergonomic}
     bool UseCompressedClassPointers               = true                           {product lp64_product} {ergonomic}
     bool UseCompressedOops                        = true                           {product lp64_product} {ergonomic}
     bool UseG1GC                                  = true                                      {product} {ergonomic}
     bool UseLargePagesIndividualAllocation        = false                                  {pd product} {ergonomic}

Logging:
Log output configuration:
 #0: stdout all=warning uptime,level,tags
 #1: stderr all=off uptime,level,tags

Environment Variables:
JAVA_HOME=C:\Program Files\Java\jdk-17
PATH=C:\Python312\Scripts\;C:\Python312\;C:\Program Files\Java\jdk-17\bin;C:\Program Files\Java\jdk-20\bin;C:\oraclexe\app\oracle\product\11.2.0\server\bin;C:\php-8.2.10;C:\xampp\php;C:\Program Files\Microsoft\jdk-11.0.16.101-hotspot\bin;C:\Program Files\Common Files\Oracle\Java\javapath;C:\Program Files (x86)\Common Files\Oracle\Java\javapath;C:\Windows\system32;C:\Windows;C:\Windows\System32\Wbem;C:\Windows\System32\WindowsPowerShell\v1.0\;C:\Windows\System32\OpenSSH\;C:\xampp\php;C:\Program Files\Git\cmd;C:\composer;C:\Program Files\apache-maven-3.9.4-bin\apache-maven-3.9.4\bin;C:\Program Files\apache-maven-3.9.4-bin\apache-maven-3.9.4;C:\ProgramData\ComposerSetup\bin;C:\ProgramData\chocolatey\bin;C:\Program Files\dotnet\;C:\Program Files\Microsoft SQL Server\150\Tools\Binn\;C:\Program Files\Microsoft SQL Server\Client SDK\ODBC\170\Tools\Binn\;C:\Program Files\Microsoft SQL Server\110\DTS\Binn\;C:\Program Files (x86)\Microsoft SQL Server\110\Tools\Binn\;C:\Program Files\Microsoft SQL Server\110\Tools\Binn\;C:\Program Files (x86)\Microsoft SQL Server\110\Tools\Binn\ManagementStudio\;C:\Program Files (x86)\Microsoft Visual Studio 10.0\Common7\IDE\PrivateAssemblies\;C:\Program Files (x86)\Microsoft SQL Server\110\DTS\Binn\;C:\Program Files\Docker\Docker\resources\bin;C:\Program Files\nodejs\;C:\Program Files\Vagrant\bin;C:\Users\DHIA\scoop\shims;C:\Users\DHIA\AppData\Local\Programs\Python\Python311\Scripts\;C:\Users\DHIA\AppData\Local\Programs\Python\Python311\;C:\Users\DHIA\AppData\Local\Microsoft\WindowsApps;C:\Users\DHIA\AppData\Local\Programs\Microsoft VS Code\bin;C:\Program Files\JetBrains\PyCharm 2023.2.1\bin;;C:\Users\DHIA\AppData\Roaming\Composer\vendor\bin;C:\Program Files\JetBrains\PhpStorm 2023.2.3\bin;;C:\Program Files\JetBrains\IntelliJ IDEA 2023.2.3\bin;;C:\Users\DHIA\.dotnet\tools;C:\Users\DHIA\AppData\Local\Microsoft\WinGet\Packages\Schniz.fnm_Microsoft.Winget.Source_8wekyb3d8bbwe;C:\Users\DHIA\AppData\Roaming\npm;C:\Users\DHIA\AppData\Local\Android\Sdk
USERNAME=DHIA
OS=Windows_NT
PROCESSOR_IDENTIFIER=Intel64 Family 6 Model 142 Stepping 9, GenuineIntel



---------------  S Y S T E M  ---------------

OS:
 Windows 10 , 64 bit Build 19041 (10.0.19041.5072)
OS uptime: 0 days 19:39 hours
Hyper-V role detected

CPU: total 4 (initial active 4) (2 cores per cpu, 2 threads per core) family 6 model 142 stepping 9 microcode 0xb4, cx8, cmov, fxsr, ht, mmx, 3dnowpref, sse, sse2, sse3, ssse3, sse4.1, sse4.2, popcnt, lzcnt, tsc, tscinvbit, avx, avx2, aes, erms, clmul, bmi1, bmi2, adx, fma, vzeroupper, clflush, clflushopt, hv

Memory: 4k page, system-wide physical 12203M (788M free)
TotalPageFile size 14251M (AvailPageFile size 11M)
current process WorkingSet (physical memory assigned to process): 300M, peak: 300M
current process commit charge ("private bytes"): 368M, peak: 430M

vm_info: Java HotSpot(TM) 64-Bit Server VM (17.0.8+9-LTS-211) for windows-amd64 JRE (17.0.8+9-LTS-211), built on Jun 14 2023 10:34:31 by "mach5one" with MS VC++ 17.1 (VS2022)

END.
