#
# There is insufficient memory for the Java Runtime Environment to continue.
# Native memory allocation (mmap) failed to map 201326592 bytes for G1 virtual space
# Possible reasons:
#   The system is out of physical RAM or swap space
#   The process is running with CompressedOops enabled, and the Java Heap may be blocking the growth of the native heap
# Possible solutions:
#   Reduce memory load on the system
#   Increase physical memory or swap space
#   Check if swap backing store is full
#   Decrease Java heap size (-Xmx/-Xms)
#   Decrease number of Java threads
#   Decrease Java thread stack sizes (-Xss)
#   Set larger code cache with -XX:ReservedCodeCacheSize=
#   JVM is running with Zero Based Compressed Oops mode in which the Java heap is
#     placed in the first 32GB address space. The Java Heap base address is the
#     maximum limit for the native heap growth. Please use -XX:HeapBaseMinAddress
#     to set the Java Heap base and to place the Java Heap above 32GB virtual address.
# This output file may be truncated or incomplete.
#
#  Out of Memory Error (os_windows.cpp:3550), pid=8324, tid=6688
#
# JRE version:  (17.0.8+9) (build )
# Java VM: Java HotSpot(TM) 64-Bit Server VM (17.0.8+9-LTS-211, mixed mode, sharing, tiered, compressed oops, compressed class ptrs, g1 gc, windows-amd64)
# No core dump will be written. Minidumps are not enabled by default on client versions of Windows
#

---------------  S U M M A R Y ------------

Command Line: -Dnet.bytebuddy.agent.attacher.dump= net.bytebuddy.agent.Attacher com.sun.tools.attach.VirtualMachine 16492 C:\Users\DHIA\.m2\repository\net\bytebuddy\byte-buddy-agent\1.14.19\byte-buddy-agent-1.14.19.jar false 

Host: Intel(R) Core(TM) i3-7020U CPU @ 2.30GHz, 4 cores, 11G,  Windows 10 , 64 bit Build 19041 (10.0.19041.5072)
Time: Fri Nov  8 15:41:13 2024 Afr. centrale Ouest elapsed time: 0.032604 seconds (0d 0h 0m 0s)

---------------  T H R E A D  ---------------

Current thread (0x000001e385ef76b0):  JavaThread "Unknown thread" [_thread_in_vm, id=6688, stack(0x0000002ead600000,0x0000002ead700000)]

Stack: [0x0000002ead600000,0x0000002ead700000]
Native frames: (J=compiled Java code, j=interpreted, Vv=VM code, C=native code)
V  [jvm.dll+0x677d0a]
V  [jvm.dll+0x7d8c54]
V  [jvm.dll+0x7da3fe]
V  [jvm.dll+0x7daa63]
V  [jvm.dll+0x245c5f]
V  [jvm.dll+0x674bb9]
V  [jvm.dll+0x6694f2]
V  [jvm.dll+0x3031d6]
V  [jvm.dll+0x30a756]
V  [jvm.dll+0x359f9e]
V  [jvm.dll+0x35a1cf]
V  [jvm.dll+0x2da3e8]
V  [jvm.dll+0x2db354]
V  [jvm.dll+0x7aa711]
V  [jvm.dll+0x367b51]
V  [jvm.dll+0x789979]
V  [jvm.dll+0x3eb05f]
V  [jvm.dll+0x3ecae1]
C  [jli.dll+0x5297]
C  [ucrtbase.dll+0x21bb2]
C  [KERNEL32.DLL+0x17374]
C  [ntdll.dll+0x4cc91]


---------------  P R O C E S S  ---------------

Threads class SMR info:
_java_thread_list=0x00007ffecf9659d8, length=0, elements={
}

Java Threads: ( => current thread )

Other Threads:
  0x000001e385f50ba0 GCTaskThread "GC Thread#0" [stack: 0x0000002ead700000,0x0000002ead800000] [id=5372]
  0x000001e385f5d9a0 ConcurrentGCThread "G1 Main Marker" [stack: 0x0000002ead800000,0x0000002ead900000] [id=5096]
  0x000001e385f5e3b0 ConcurrentGCThread "G1 Conc#0" [stack: 0x0000002ead900000,0x0000002eada00000] [id=16204]

[error occurred during error reporting (printing all threads), id 0xc0000005, EXCEPTION_ACCESS_VIOLATION (0xc0000005) at pc=0x00007ffecf19b047]

VM state: not at safepoint (not fully initialized)

VM Mutex/Monitor currently owned by a thread:  ([mutex/lock_event])
[0x000001e385ef0bd0] Heap_lock - owner thread: 0x000001e385ef76b0

Heap address: 0x0000000741400000, size: 3052 MB, Compressed Oops mode: Zero based, Oop shift amount: 3

CDS archive(s) mapped at: [0x0000000000000000-0x0000000000000000-0x0000000000000000), size 0, SharedBaseAddress: 0x0000000800000000, ArchiveRelocationMode: 1.
Narrow klass base: 0x0000000000000000, Narrow klass shift: 0, Narrow klass range: 0x0

GC Precious Log:
<Empty>

Heap:
 garbage-first heap   total 0K, used 0K [0x0000000741400000, 0x0000000800000000)
  region size 2048K, 0 young (0K), 0 survivors (0K)

[error occurred during error reporting (printing heap information), id 0xc0000005, EXCEPTION_ACCESS_VIOLATION (0xc0000005) at pc=0x00007ffecf581499]

GC Heap History (0 events):
No events

Deoptimization events (0 events):
No events

Classes unloaded (0 events):
No events

Classes redefined (0 events):
No events

Internal exceptions (0 events):
No events

VM Operations (0 events):
No events

Events (1 events):
Event: 0.017 Loaded shared library C:\Program Files\Java\jdk-17\bin\java.dll


Dynamic libraries:
0x00007ff67a300000 - 0x00007ff67a310000 	C:\Program Files\Java\jdk-17\bin\java.exe
0x00007fff2bdd0000 - 0x00007fff2bfc8000 	C:\Windows\SYSTEM32\ntdll.dll
0x00007fff2a150000 - 0x00007fff2a212000 	C:\Windows\System32\KERNEL32.DLL
0x00007fff29940000 - 0x00007fff29c3e000 	C:\Windows\System32\KERNELBASE.dll
0x00007fff297a0000 - 0x00007fff298a0000 	C:\Windows\System32\ucrtbase.dll
0x00007fff0e7e0000 - 0x00007fff0e7f9000 	C:\Program Files\Java\jdk-17\bin\jli.dll
0x00007fff0b1b0000 - 0x00007fff0b1cb000 	C:\Program Files\Java\jdk-17\bin\VCRUNTIME140.dll
0x00007fff2b800000 - 0x00007fff2b8b1000 	C:\Windows\System32\ADVAPI32.dll
0x00007fff2b990000 - 0x00007fff2ba2e000 	C:\Windows\System32\msvcrt.dll
0x00007fff2a4a0000 - 0x00007fff2a53f000 	C:\Windows\System32\sechost.dll
0x00007fff2b020000 - 0x00007fff2b143000 	C:\Windows\System32\RPCRT4.dll
0x00007fff29630000 - 0x00007fff29657000 	C:\Windows\System32\bcrypt.dll
0x00007fff2ae80000 - 0x00007fff2b01d000 	C:\Windows\System32\USER32.dll
0x00007fff29590000 - 0x00007fff295b2000 	C:\Windows\System32\win32u.dll
0x00007fff2b7d0000 - 0x00007fff2b7fb000 	C:\Windows\System32\GDI32.dll
0x00007fff29470000 - 0x00007fff29587000 	C:\Windows\System32\gdi32full.dll
0x00007fff298a0000 - 0x00007fff2993d000 	C:\Windows\System32\msvcp_win.dll
0x00007fff14f40000 - 0x00007fff151da000 	C:\Windows\WinSxS\amd64_microsoft.windows.common-controls_6595b64144ccf1df_6.0.19041.4355_none_60b8b9eb71f62e16\COMCTL32.dll
0x00007fff20990000 - 0x00007fff2099a000 	C:\Windows\SYSTEM32\VERSION.dll
0x00007fff2a360000 - 0x00007fff2a38f000 	C:\Windows\System32\IMM32.DLL
0x00007fff14a30000 - 0x00007fff14a3c000 	C:\Program Files\Java\jdk-17\bin\vcruntime140_1.dll
0x00007ffedf880000 - 0x00007ffedf90e000 	C:\Program Files\Java\jdk-17\bin\msvcp140.dll
0x00007ffeceeb0000 - 0x00007ffecfa8e000 	C:\Program Files\Java\jdk-17\bin\server\jvm.dll
0x00007fff2b7c0000 - 0x00007fff2b7c8000 	C:\Windows\System32\PSAPI.DLL
0x00007fff0b0a0000 - 0x00007fff0b0a9000 	C:\Windows\SYSTEM32\WSOCK32.dll
0x00007fff29e50000 - 0x00007fff29ebb000 	C:\Windows\System32\WS2_32.dll
0x00007fff127b0000 - 0x00007fff127d7000 	C:\Windows\SYSTEM32\WINMM.dll
0x00007fff27ca0000 - 0x00007fff27cb2000 	C:\Windows\SYSTEM32\kernel.appcore.dll
0x00007fff13ae0000 - 0x00007fff13aea000 	C:\Program Files\Java\jdk-17\bin\jimage.dll
0x00007fff271b0000 - 0x00007fff27394000 	C:\Windows\SYSTEM32\DBGHELP.DLL
0x00007fff0b380000 - 0x00007fff0b3b4000 	C:\Windows\SYSTEM32\dbgcore.DLL
0x00007fff29710000 - 0x00007fff29792000 	C:\Windows\System32\bcryptPrimitives.dll
0x00007ffee9e30000 - 0x00007ffee9e55000 	C:\Program Files\Java\jdk-17\bin\java.dll

dbghelp: loaded successfully - version: 4.0.5 - missing functions: none
symbol engine: initialized successfully - sym options: 0x614 - pdb path: .;C:\Program Files\Java\jdk-17\bin;C:\Windows\SYSTEM32;C:\Windows\WinSxS\amd64_microsoft.windows.common-controls_6595b64144ccf1df_6.0.19041.4355_none_60b8b9eb71f62e16;C:\Program Files\Java\jdk-17\bin\server

VM Arguments:
jvm_args: -Dnet.bytebuddy.agent.attacher.dump= 
java_command: net.bytebuddy.agent.Attacher com.sun.tools.attach.VirtualMachine 16492 C:\Users\DHIA\.m2\repository\net\bytebuddy\byte-buddy-agent\1.14.19\byte-buddy-agent-1.14.19.jar false 
java_class_path (initial): C:\Users\DHIA\.m2\repository\net\bytebuddy\byte-buddy-agent\1.14.19\byte-buddy-agent-1.14.19.jar
Launcher Type: SUN_STANDARD

[Global flags]
     intx CICompilerCount                          = 3                                         {product} {ergonomic}
     uint ConcGCThreads                            = 1                                         {product} {ergonomic}
     uint G1ConcRefinementThreads                  = 4                                         {product} {ergonomic}
   size_t G1HeapRegionSize                         = 2097152                                   {product} {ergonomic}
    uintx GCDrainStackTargetSize                   = 64                                        {product} {ergonomic}
   size_t InitialHeapSize                          = 201326592                                 {product} {ergonomic}
   size_t MarkStackSize                            = 4194304                                   {product} {ergonomic}
   size_t MaxHeapSize                              = 3200253952                                {product} {ergonomic}
   size_t MinHeapDeltaBytes                        = 2097152                                   {product} {ergonomic}
   size_t MinHeapSize                              = 8388608                                   {product} {ergonomic}
    uintx NonNMethodCodeHeapSize                   = 5832780                                {pd product} {ergonomic}
    uintx NonProfiledCodeHeapSize                  = 122912730                              {pd product} {ergonomic}
    uintx ProfiledCodeHeapSize                     = 122912730                              {pd product} {ergonomic}
    uintx ReservedCodeCacheSize                    = 251658240                              {pd product} {ergonomic}
     bool SegmentedCodeCache                       = true                                      {product} {ergonomic}
   size_t SoftMaxHeapSize                          = 3200253952                             {manageable} {ergonomic}
     bool UseCompressedClassPointers               = true                           {product lp64_product} {ergonomic}
     bool UseCompressedOops                        = true                           {product lp64_product} {ergonomic}
     bool UseG1GC                                  = true                                      {product} {ergonomic}
     bool UseLargePagesIndividualAllocation        = false                                  {pd product} {ergonomic}

Logging:
Log output configuration:
 #0: stdout all=warning uptime,level,tags
 #1: stderr all=off uptime,level,tags

Environment Variables:
JAVA_HOME=C:\Program Files\Java\jdk-17
PATH=C:\Python312\Scripts\;C:\Python312\;C:\Program Files\Java\jdk-17\bin;C:\Program Files\Java\jdk-20\bin;C:\oraclexe\app\oracle\product\11.2.0\server\bin;C:\php-8.2.10;C:\xampp\php;C:\Program Files\Microsoft\jdk-11.0.16.101-hotspot\bin;C:\Program Files\Common Files\Oracle\Java\javapath;C:\Program Files (x86)\Common Files\Oracle\Java\javapath;C:\Windows\system32;C:\Windows;C:\Windows\System32\Wbem;C:\Windows\System32\WindowsPowerShell\v1.0\;C:\Windows\System32\OpenSSH\;C:\xampp\php;C:\Program Files\Git\cmd;C:\composer;C:\Program Files\apache-maven-3.9.4-bin\apache-maven-3.9.4\bin;C:\Program Files\apache-maven-3.9.4-bin\apache-maven-3.9.4;C:\ProgramData\ComposerSetup\bin;C:\ProgramData\chocolatey\bin;C:\Program Files\dotnet\;C:\Program Files\Microsoft SQL Server\150\Tools\Binn\;C:\Program Files\Microsoft SQL Server\Client SDK\ODBC\170\Tools\Binn\;C:\Program Files\Microsoft SQL Server\110\DTS\Binn\;C:\Program Files (x86)\Microsoft SQL Server\110\Tools\Binn\;C:\Program Files\Microsoft SQL Server\110\Tools\Binn\;C:\Program Files (x86)\Microsoft SQL Server\110\Tools\Binn\ManagementStudio\;C:\Program Files (x86)\Microsoft Visual Studio 10.0\Common7\IDE\PrivateAssemblies\;C:\Program Files (x86)\Microsoft SQL Server\110\DTS\Binn\;C:\Program Files\Docker\Docker\resources\bin;C:\Program Files\nodejs\;C:\Program Files\Vagrant\bin;C:\Users\DHIA\scoop\shims;C:\Users\DHIA\AppData\Local\Programs\Python\Python311\Scripts\;C:\Users\DHIA\AppData\Local\Programs\Python\Python311\;C:\Users\DHIA\AppData\Local\Microsoft\WindowsApps;C:\Users\DHIA\AppData\Local\Programs\Microsoft VS Code\bin;C:\Program Files\JetBrains\PyCharm 2023.2.1\bin;;C:\Users\DHIA\AppData\Roaming\Composer\vendor\bin;C:\Program Files\JetBrains\PhpStorm 2023.2.3\bin;;C:\Program Files\JetBrains\IntelliJ IDEA 2023.2.3\bin;;C:\Users\DHIA\.dotnet\tools;C:\Users\DHIA\AppData\Local\Microsoft\WinGet\Packages\Schniz.fnm_Microsoft.Winget.Source_8wekyb3d8bbwe;C:\Users\DHIA\AppData\Roaming\npm;C:\Users\DHIA\AppData\Local\Android\Sdk
USERNAME=DHIA
OS=Windows_NT
PROCESSOR_IDENTIFIER=Intel64 Family 6 Model 142 Stepping 9, GenuineIntel



---------------  S Y S T E M  ---------------

OS:
 Windows 10 , 64 bit Build 19041 (10.0.19041.5072)
OS uptime: 0 days 19:31 hours
Hyper-V role detected

CPU: total 4 (initial active 4) (2 cores per cpu, 2 threads per core) family 6 model 142 stepping 9 microcode 0xb4, cx8, cmov, fxsr, ht, mmx, 3dnowpref, sse, sse2, sse3, ssse3, sse4.1, sse4.2, popcnt, lzcnt, tsc, tscinvbit, avx, avx2, aes, erms, clmul, bmi1, bmi2, adx, fma, vzeroupper, clflush, clflushopt, hv

Memory: 4k page, system-wide physical 12203M (713M free)
TotalPageFile size 14218M (AvailPageFile size 62M)
current process WorkingSet (physical memory assigned to process): 10M, peak: 10M
current process commit charge ("private bytes"): 51M, peak: 243M

vm_info: Java HotSpot(TM) 64-Bit Server VM (17.0.8+9-LTS-211) for windows-amd64 JRE (17.0.8+9-LTS-211), built on Jun 14 2023 10:34:31 by "mach5one" with MS VC++ 17.1 (VS2022)

END.
